---------------------------------------------------------------
[ 2018-11-09T13:50:06+08:00 ] ::1 ::1 GET /
[ info ] newlc.lc/ [运行时间：0.309512s][吞吐率：3.23req/s] [内存消耗：3,147.82kb] [文件加载：56]
[ info ] [ LANG ] /Users/modou/Works/web/newlc/thinkphp/lang/zh-cn.php
[ info ] [ ROUTE ] array (
  'type' => 'module',
  'module' => 
  array (
    0 => '',
    1 => NULL,
    2 => NULL,
  ),
)
[ info ] [ HEADER ] array (
  'host' => 'newlc.lc',
  'connection' => 'keep-alive',
  'upgrade-insecure-requests' => '1',
  'user-agent' => 'Mozilla/5.0 (Macintosh; Intel Mac OS X 10_11_6) AppleWebKit/537.36 (KHTML, like Gecko) Chrome/69.0.3497.100 Safari/537.36',
  'accept' => 'text/html,application/xhtml+xml,application/xml;q=0.9,image/webp,image/apng,*/*;q=0.8',
  'accept-encoding' => 'gzip, deflate',
  'accept-language' => 'zh-CN,zh;q=0.9,en;q=0.8',
)
[ info ] [ PARAM ] array (
)
[ info ] [ CACHE ] INIT File
[ info ] [ DB ] INIT mysql
[ info ] [ RUN ] app\web\controller\Index->index[ /Users/modou/Works/web/newlc/application/web/controller/Index.php ]
[ info ] [ VIEW ] /Users/modou/Works/web/newlc/public/../application/web/view/index/index.html [ array (
  0 => 'config',
) ]
[ info ] [ LOG ] INIT File
[ sql ] [ DB ] CONNECT:[ UseTime:0.002561s ] mysql:host=localhost;port=3306;dbname=new;charset=utf8
[ sql ] [ SQL ] SHOW COLUMNS FROM `n_config` [ RunTime:0.029429s ]
[ sql ] [ SQL ] SELECT * FROM `n_config` [ RunTime:0.003336s ]
---------------------------------------------------------------
[ 2018-11-09T13:50:06+08:00 ] ::1 ::1 POST /web/index/getdata.html
[ info ] newlc.lc/web/index/getdata.html [运行时间：0.127267s][吞吐率：7.86req/s] [内存消耗：3,425.45kb] [文件加载：57]
[ info ] [ LANG ] /Users/modou/Works/web/newlc/thinkphp/lang/zh-cn.php
[ info ] [ ROUTE ] array (
  'type' => 'module',
  'module' => 
  array (
    0 => 'web',
    1 => 'index',
    2 => 'getdata',
  ),
)
[ info ] [ HEADER ] array (
  'host' => 'newlc.lc',
  'connection' => 'keep-alive',
  'content-length' => '14',
  'accept' => 'application/json, text/javascript, */*; q=0.01',
  'origin' => 'http://newlc.lc',
  'x-requested-with' => 'XMLHttpRequest',
  'user-agent' => 'Mozilla/5.0 (Macintosh; Intel Mac OS X 10_11_6) AppleWebKit/537.36 (KHTML, like Gecko) Chrome/69.0.3497.100 Safari/537.36',
  'content-type' => 'application/x-www-form-urlencoded; charset=UTF-8',
  'referer' => 'http://newlc.lc/',
  'accept-encoding' => 'gzip, deflate',
  'accept-language' => 'zh-CN,zh;q=0.9,en;q=0.8',
)
[ info ] [ PARAM ] array (
  'page' => '1',
  'limit' => '2',
)
[ info ] [ CACHE ] INIT File
[ info ] [ RUN ] app\web\controller\Index->getData[ /Users/modou/Works/web/newlc/application/web/controller/Index.php ]
[ info ] [ DB ] INIT mysql
[ info ] [ LOG ] INIT File
[ sql ] [ DB ] CONNECT:[ UseTime:0.000511s ] mysql:host=localhost;port=3306;dbname=new;charset=utf8
[ sql ] [ SQL ] SHOW COLUMNS FROM `n_news` [ RunTime:0.003361s ]
[ sql ] [ SQL ] SELECT `t`.*,`t1`.`name`,`t2`.`real_name` FROM `n_news` `t` LEFT JOIN `n_news_cate` `t1` ON `t`.`cate_id`=`t1`.`id` LEFT JOIN `n_admin_user` `t2` ON `t`.`auid`=`t2`.`id` WHERE  (  1=1 ) ORDER BY t.status desc,t.ord desc,t.id desc LIMIT 0,2 [ RunTime:0.013615s ]
[ sql ] [ SQL ] SELECT COUNT(*) AS tp_count FROM `n_news` `t` LEFT JOIN `n_news_cate` `t1` ON `t`.`cate_id`=`t1`.`id` WHERE  (  1=1 ) LIMIT 1 [ RunTime:0.002596s ]
---------------------------------------------------------------
[ 2018-11-09T13:50:07+08:00 ] ::1 ::1 GET /uploads/news/20180823/14cf8b568ca91d5407360bdfe26046f8.jpg
[ info ] newlc.lc/uploads/news/20180823/14cf8b568ca91d5407360bdfe26046f8.jpg [运行时间：0.079281s][吞吐率：12.61req/s] [内存消耗：1,836.35kb] [文件加载：39]
[ info ] [ LANG ] /Users/modou/Works/web/newlc/thinkphp/lang/zh-cn.php
[ info ] [ ROUTE ] array (
  'type' => 'module',
  'module' => 
  array (
    0 => 'uploads',
    1 => 'news',
    2 => '20180823',
  ),
)
[ info ] [ HEADER ] array (
  'host' => 'newlc.lc',
  'connection' => 'keep-alive',
  'user-agent' => 'Mozilla/5.0 (Macintosh; Intel Mac OS X 10_11_6) AppleWebKit/537.36 (KHTML, like Gecko) Chrome/69.0.3497.100 Safari/537.36',
  'accept' => 'image/webp,image/apng,image/*,*/*;q=0.8',
  'referer' => 'http://newlc.lc/',
  'accept-encoding' => 'gzip, deflate',
  'accept-language' => 'zh-CN,zh;q=0.9,en;q=0.8',
)
[ info ] [ PARAM ] array (
)
[ info ] [ LOG ] INIT File
---------------------------------------------------------------
[ 2018-11-09T13:50:17+08:00 ] ::1 ::1 GET /backend
[ info ] newlc.lc/backend [运行时间：0.088190s][吞吐率：11.34req/s] [内存消耗：3,078.22kb] [文件加载：54]
[ info ] [ LANG ] /Users/modou/Works/web/newlc/thinkphp/lang/zh-cn.php
[ info ] [ ROUTE ] array (
  'type' => 'module',
  'module' => 
  array (
    0 => 'backend',
    1 => NULL,
    2 => NULL,
  ),
)
[ info ] [ HEADER ] array (
  'host' => 'newlc.lc',
  'connection' => 'keep-alive',
  'upgrade-insecure-requests' => '1',
  'user-agent' => 'Mozilla/5.0 (Macintosh; Intel Mac OS X 10_11_6) AppleWebKit/537.36 (KHTML, like Gecko) Chrome/69.0.3497.100 Safari/537.36',
  'accept' => 'text/html,application/xhtml+xml,application/xml;q=0.9,image/webp,image/apng,*/*;q=0.8',
  'accept-encoding' => 'gzip, deflate',
  'accept-language' => 'zh-CN,zh;q=0.9,en;q=0.8',
)
[ info ] [ PARAM ] array (
)
[ info ] [ LANG ] /Users/modou/Works/web/newlc/public/../application/backend/lang/zh-cn.php
[ info ] [ SESSION ] INIT array (
  'id' => '',
  'var_session_id' => '',
  'prefix' => 'think',
  'type' => '',
  'auto_start' => true,
  'expire' => '86400',
)
[ info ] [ CACHE ] INIT File
[ info ] [ DB ] INIT mysql
[ info ] [ LOG ] INIT File
[ sql ] [ DB ] CONNECT:[ UseTime:0.000523s ] mysql:host=localhost;port=3306;dbname=new;charset=utf8
[ sql ] [ SQL ] SHOW COLUMNS FROM `n_auth_rule` [ RunTime:0.002915s ]
[ sql ] [ SQL ] SELECT * FROM `n_auth_rule` WHERE  `name` = 'backend/Index/index' LIMIT 1 [ RunTime:0.003971s ]
---------------------------------------------------------------
[ 2018-11-09T13:50:17+08:00 ] ::1 ::1 GET /backend/login
[ info ] newlc.lc/backend/login [运行时间：0.082136s][吞吐率：12.17req/s] [内存消耗：2,251.05kb] [文件加载：49]
[ info ] [ LANG ] /Users/modou/Works/web/newlc/thinkphp/lang/zh-cn.php
[ info ] [ ROUTE ] array (
  'type' => 'module',
  'module' => 
  array (
    0 => 'backend',
    1 => 'login',
    2 => NULL,
  ),
)
[ info ] [ HEADER ] array (
  'host' => 'newlc.lc',
  'connection' => 'keep-alive',
  'upgrade-insecure-requests' => '1',
  'user-agent' => 'Mozilla/5.0 (Macintosh; Intel Mac OS X 10_11_6) AppleWebKit/537.36 (KHTML, like Gecko) Chrome/69.0.3497.100 Safari/537.36',
  'accept' => 'text/html,application/xhtml+xml,application/xml;q=0.9,image/webp,image/apng,*/*;q=0.8',
  'referer' => 'http://newlc.lc/backend',
  'accept-encoding' => 'gzip, deflate',
  'accept-language' => 'zh-CN,zh;q=0.9,en;q=0.8',
  'cookie' => 'PHPSESSID=237f43e82b916e4e5bab33fa1e17220c',
)
[ info ] [ PARAM ] array (
)
[ info ] [ LANG ] /Users/modou/Works/web/newlc/public/../application/backend/lang/zh-cn.php
[ info ] [ RUN ] app\backend\controller\Login->index[ /Users/modou/Works/web/newlc/application/backend/controller/Login.php ]
[ info ] [ CACHE ] INIT File
[ info ] [ VIEW ] /Users/modou/Works/web/newlc/public/../application/backend/view/login/index.html [ array (
  0 => 'config',
) ]
[ info ] [ LOG ] INIT File
---------------------------------------------------------------
[ 2018-11-09T13:50:18+08:00 ] ::1 ::1 GET /backend/login/captcha.html
[ info ] newlc.lc/backend/login/captcha.html [运行时间：0.177816s][吞吐率：5.62req/s] [内存消耗：2,161.90kb] [文件加载：45]
[ info ] [ LANG ] /Users/modou/Works/web/newlc/thinkphp/lang/zh-cn.php
[ info ] [ ROUTE ] array (
  'type' => 'module',
  'module' => 
  array (
    0 => 'backend',
    1 => 'login',
    2 => 'captcha',
  ),
)
[ info ] [ HEADER ] array (
  'host' => 'newlc.lc',
  'connection' => 'keep-alive',
  'user-agent' => 'Mozilla/5.0 (Macintosh; Intel Mac OS X 10_11_6) AppleWebKit/537.36 (KHTML, like Gecko) Chrome/69.0.3497.100 Safari/537.36',
  'accept' => 'image/webp,image/apng,image/*,*/*;q=0.8',
  'referer' => 'http://newlc.lc/backend/login',
  'accept-encoding' => 'gzip, deflate',
  'accept-language' => 'zh-CN,zh;q=0.9,en;q=0.8',
  'cookie' => 'PHPSESSID=237f43e82b916e4e5bab33fa1e17220c',
)
[ info ] [ PARAM ] array (
)
[ info ] [ LANG ] /Users/modou/Works/web/newlc/public/../application/backend/lang/zh-cn.php
[ info ] [ RUN ] app\backend\controller\Login->captcha[ /Users/modou/Works/web/newlc/application/backend/controller/Login.php ]
[ info ] [ SESSION ] INIT array (
  'id' => '',
  'var_session_id' => '',
  'prefix' => 'think',
  'type' => '',
  'auto_start' => true,
  'expire' => '86400',
)
[ info ] [ LOG ] INIT File
