---------------------------------------------------------------
[ 2018-09-04T10:09:28+08:00 ] ::1 ::1 GET /
[ info ] newlc.lc/ [运行时间：0.230897s][吞吐率：4.33req/s] [内存消耗：4,107.78kb] [文件加载：54]
[ info ] [ LANG ] /Users/modou/Works/web/newlc/thinkphp/lang/zh-cn.php
[ info ] [ ROUTE ] array (
  'type' => 'module',
  'module' => 
  array (
    0 => '',
    1 => NULL,
    2 => NULL,
  ),
)
[ info ] [ HEADER ] array (
  'host' => 'newlc.lc',
  'connection' => 'keep-alive',
  'upgrade-insecure-requests' => '1',
  'user-agent' => 'Mozilla/5.0 (Macintosh; Intel Mac OS X 10_11_6) AppleWebKit/537.36 (KHTML, like Gecko) Chrome/68.0.3440.106 Safari/537.36',
  'accept' => 'text/html,application/xhtml+xml,application/xml;q=0.9,image/webp,image/apng,*/*;q=0.8',
  'accept-encoding' => 'gzip, deflate',
  'accept-language' => 'zh-CN,zh;q=0.9,en;q=0.8',
)
[ info ] [ PARAM ] array (
)
[ info ] [ LANG ] /Users/modou/Works/web/newlc/public/../application/backend/lang/zh-cn.php
[ info ] [ SESSION ] INIT array (
  'id' => '',
  'var_session_id' => '',
  'prefix' => 'think',
  'type' => '',
  'auto_start' => true,
  'expire' => '86400',
)
[ info ] [ CACHE ] INIT File
[ info ] [ DB ] INIT mysql
[ info ] [ LOG ] INIT File
[ sql ] [ DB ] CONNECT:[ UseTime:0.007599s ] mysql:host=localhost;port=3306;dbname=new;charset=utf8
[ sql ] [ SQL ] SHOW COLUMNS FROM `n_config` [ RunTime:0.010072s ]
[ sql ] [ SQL ] SELECT * FROM `n_config` [ RunTime:0.004705s ]
[ sql ] [ SQL ] SHOW COLUMNS FROM `n_auth_rule` [ RunTime:0.007833s ]
[ sql ] [ SQL ] SELECT * FROM `n_auth_rule` WHERE  `name` = 'backend/Index/index' LIMIT 1 [ RunTime:0.006963s ]
---------------------------------------------------------------
[ 2018-09-04T10:09:29+08:00 ] ::1 ::1 GET /backend/login
[ info ] newlc.lc/backend/login [运行时间：0.059659s][吞吐率：16.76req/s] [内存消耗：3,002.91kb] [文件加载：49]
[ info ] [ LANG ] /Users/modou/Works/web/newlc/thinkphp/lang/zh-cn.php
[ info ] [ ROUTE ] array (
  'type' => 'module',
  'module' => 
  array (
    0 => 'backend',
    1 => 'login',
    2 => NULL,
  ),
)
[ info ] [ HEADER ] array (
  'host' => 'newlc.lc',
  'connection' => 'keep-alive',
  'upgrade-insecure-requests' => '1',
  'user-agent' => 'Mozilla/5.0 (Macintosh; Intel Mac OS X 10_11_6) AppleWebKit/537.36 (KHTML, like Gecko) Chrome/68.0.3440.106 Safari/537.36',
  'accept' => 'text/html,application/xhtml+xml,application/xml;q=0.9,image/webp,image/apng,*/*;q=0.8',
  'referer' => 'http://newlc.lc/',
  'accept-encoding' => 'gzip, deflate',
  'accept-language' => 'zh-CN,zh;q=0.9,en;q=0.8',
  'cookie' => 'PHPSESSID=28d3ddaf02357d5db434befbb2bd1959',
)
[ info ] [ PARAM ] array (
)
[ info ] [ LANG ] /Users/modou/Works/web/newlc/public/../application/backend/lang/zh-cn.php
[ info ] [ RUN ] app\backend\controller\Login->index[ /Users/modou/Works/web/newlc/application/backend/controller/Login.php ]
[ info ] [ CACHE ] INIT File
[ info ] [ VIEW ] /Users/modou/Works/web/newlc/public/../application/backend/view/login/index.html [ array (
  0 => 'config',
) ]
[ info ] [ LOG ] INIT File
---------------------------------------------------------------
[ 2018-09-04T10:09:29+08:00 ] ::1 ::1 GET /backend/login/captcha.html
[ info ] newlc.lc/backend/login/captcha.html [运行时间：0.098231s][吞吐率：10.18req/s] [内存消耗：2,847.28kb] [文件加载：45]
[ info ] [ LANG ] /Users/modou/Works/web/newlc/thinkphp/lang/zh-cn.php
[ info ] [ ROUTE ] array (
  'type' => 'module',
  'module' => 
  array (
    0 => 'backend',
    1 => 'login',
    2 => 'captcha',
  ),
)
[ info ] [ HEADER ] array (
  'host' => 'newlc.lc',
  'connection' => 'keep-alive',
  'user-agent' => 'Mozilla/5.0 (Macintosh; Intel Mac OS X 10_11_6) AppleWebKit/537.36 (KHTML, like Gecko) Chrome/68.0.3440.106 Safari/537.36',
  'accept' => 'image/webp,image/apng,image/*,*/*;q=0.8',
  'referer' => 'http://newlc.lc/backend/login',
  'accept-encoding' => 'gzip, deflate',
  'accept-language' => 'zh-CN,zh;q=0.9,en;q=0.8',
  'cookie' => 'PHPSESSID=28d3ddaf02357d5db434befbb2bd1959',
)
[ info ] [ PARAM ] array (
)
[ info ] [ LANG ] /Users/modou/Works/web/newlc/public/../application/backend/lang/zh-cn.php
[ info ] [ RUN ] app\backend\controller\Login->captcha[ /Users/modou/Works/web/newlc/application/backend/controller/Login.php ]
[ info ] [ SESSION ] INIT array (
  'id' => '',
  'var_session_id' => '',
  'prefix' => 'think',
  'type' => '',
  'auto_start' => true,
  'expire' => '86400',
)
[ info ] [ LOG ] INIT File
---------------------------------------------------------------
[ 2018-09-04T10:09:38+08:00 ] ::1 ::1 POST /backend/login/dologin.html
[ info ] newlc.lc/backend/login/dologin.html [运行时间：0.158263s][吞吐率：6.32req/s] [内存消耗：5,063.05kb] [文件加载：64]
[ info ] [ LANG ] /Users/modou/Works/web/newlc/thinkphp/lang/zh-cn.php
[ info ] [ ROUTE ] array (
  'type' => 'module',
  'module' => 
  array (
    0 => 'backend',
    1 => 'login',
    2 => 'dologin',
  ),
)
[ info ] [ HEADER ] array (
  'host' => 'newlc.lc',
  'connection' => 'keep-alive',
  'content-length' => '58',
  'accept' => 'application/json, text/javascript, */*; q=0.01',
  'origin' => 'http://newlc.lc',
  'x-requested-with' => 'XMLHttpRequest',
  'user-agent' => 'Mozilla/5.0 (Macintosh; Intel Mac OS X 10_11_6) AppleWebKit/537.36 (KHTML, like Gecko) Chrome/68.0.3440.106 Safari/537.36',
  'content-type' => 'application/x-www-form-urlencoded; charset=UTF-8',
  'referer' => 'http://newlc.lc/backend/login',
  'accept-encoding' => 'gzip, deflate',
  'accept-language' => 'zh-CN,zh;q=0.9,en;q=0.8',
  'cookie' => 'PHPSESSID=28d3ddaf02357d5db434befbb2bd1959',
)
[ info ] [ PARAM ] array (
  'admin_name' => 'admin',
  'admin_password' => '123456',
  'yzm' => '3362',
  'pwdcount' => '5',
)
[ info ] [ LANG ] /Users/modou/Works/web/newlc/public/../application/backend/lang/zh-cn.php
[ info ] [ RUN ] app\backend\controller\Login->dologin[ /Users/modou/Works/web/newlc/application/backend/controller/Login.php ]
[ info ] [ SESSION ] INIT array (
  'id' => '',
  'var_session_id' => '',
  'prefix' => 'think',
  'type' => '',
  'auto_start' => true,
  'expire' => '86400',
)
[ info ] [ DB ] INIT mysql
[ info ] [ CACHE ] INIT File
[ info ] [ LOG ] INIT File
[ sql ] [ DB ] CONNECT:[ UseTime:0.000710s ] mysql:host=localhost;port=3306;dbname=new;charset=utf8
[ sql ] [ SQL ] SHOW COLUMNS FROM `n_admin_user` [ RunTime:0.007161s ]
[ sql ] [ SQL ] SELECT * FROM `n_admin_user` WHERE  `admin_name` = 'admin' LIMIT 1 [ RunTime:0.002043s ]
[ sql ] [ SQL ] SELECT * FROM `n_admin_user` WHERE  `id` = 1 LIMIT 1 [ RunTime:0.000494s ]
[ sql ] [ SQL ] SHOW COLUMNS FROM `n_auth_group` [ RunTime:0.005231s ]
[ sql ] [ SQL ] SELECT `group_name`,`rules` FROM `n_auth_group` WHERE  `id` = 1 LIMIT 1 [ RunTime:0.001662s ]
[ sql ] [ SQL ] SHOW COLUMNS FROM `n_auth_rule` [ RunTime:0.005402s ]
[ sql ] [ SQL ] SELECT `id`,`pid`,`name`,`title`,`ord`,`icon` FROM `n_auth_rule` WHERE  `id` IN (2,11,12,3,13,14,16,4,8,9,1,10,5,6,7)  AND `left_nav` = 1 ORDER BY `ord` [ RunTime:0.004679s ]
[ sql ] [ SQL ] UPDATE `n_admin_user`  SET `login_time`=1536026978  WHERE  `id` = 1 [ RunTime:0.002810s ]
[ sql ] [ SQL ] SHOW COLUMNS FROM `n_login_log` [ RunTime:0.006175s ]
[ sql ] [ SQL ] INSERT INTO `n_login_log` (`auid` , `group_id` , `login_time` , `ip`) VALUES (1 , 1 , 1536026978 , '0.0.0.0') [ RunTime:0.001874s ]
[ sql ] [ SQL ] SHOW COLUMNS FROM `n_admin_pwdcount` [ RunTime:0.004972s ]
[ sql ] [ SQL ] DELETE FROM `n_admin_pwdcount`    WHERE  `admin_name` = 'admin' [ RunTime:0.000390s ]
---------------------------------------------------------------
[ 2018-09-04T10:09:38+08:00 ] ::1 ::1 GET /backend/index/index.html
[ info ] newlc.lc/backend/index/index.html [运行时间：0.080455s][吞吐率：12.43req/s] [内存消耗：4,125.40kb] [文件加载：54]
[ info ] [ LANG ] /Users/modou/Works/web/newlc/thinkphp/lang/zh-cn.php
[ info ] [ ROUTE ] array (
  'type' => 'module',
  'module' => 
  array (
    0 => 'backend',
    1 => 'index',
    2 => 'index',
  ),
)
[ info ] [ HEADER ] array (
  'host' => 'newlc.lc',
  'connection' => 'keep-alive',
  'upgrade-insecure-requests' => '1',
  'user-agent' => 'Mozilla/5.0 (Macintosh; Intel Mac OS X 10_11_6) AppleWebKit/537.36 (KHTML, like Gecko) Chrome/68.0.3440.106 Safari/537.36',
  'accept' => 'text/html,application/xhtml+xml,application/xml;q=0.9,image/webp,image/apng,*/*;q=0.8',
  'referer' => 'http://newlc.lc/backend/login',
  'accept-encoding' => 'gzip, deflate',
  'accept-language' => 'zh-CN,zh;q=0.9,en;q=0.8',
  'cookie' => 'PHPSESSID=28d3ddaf02357d5db434befbb2bd1959',
)
[ info ] [ PARAM ] array (
)
[ info ] [ LANG ] /Users/modou/Works/web/newlc/public/../application/backend/lang/zh-cn.php
[ info ] [ SESSION ] INIT array (
  'id' => '',
  'var_session_id' => '',
  'prefix' => 'think',
  'type' => '',
  'auto_start' => true,
  'expire' => '86400',
)
[ info ] [ CACHE ] INIT File
[ info ] [ DB ] INIT mysql
[ info ] [ RUN ] app\backend\controller\Index->index[ /Users/modou/Works/web/newlc/application/backend/controller/Index.php ]
[ info ] [ LOG ] INIT File
[ sql ] [ DB ] CONNECT:[ UseTime:0.000406s ] mysql:host=localhost;port=3306;dbname=new;charset=utf8
[ sql ] [ SQL ] SHOW COLUMNS FROM `n_auth_rule` [ RunTime:0.005480s ]
[ sql ] [ SQL ] SELECT * FROM `n_auth_rule` WHERE  `name` = 'backend/Index/index' LIMIT 1 [ RunTime:0.000437s ]
---------------------------------------------------------------
[ 2018-09-04T10:09:38+08:00 ] ::1 ::1 GET /backend/index/index
[ info ] newlc.lc/backend/index/index [运行时间：0.080241s][吞吐率：12.46req/s] [内存消耗：4,281.82kb] [文件加载：57]
[ info ] [ LANG ] /Users/modou/Works/web/newlc/thinkphp/lang/zh-cn.php
[ info ] [ ROUTE ] array (
  'type' => 'module',
  'module' => 
  array (
    0 => 'backend',
    1 => 'index',
    2 => 'index',
  ),
)
[ info ] [ HEADER ] array (
  'host' => 'newlc.lc',
  'connection' => 'keep-alive',
  'upgrade-insecure-requests' => '1',
  'user-agent' => 'Mozilla/5.0 (Macintosh; Intel Mac OS X 10_11_6) AppleWebKit/537.36 (KHTML, like Gecko) Chrome/68.0.3440.106 Safari/537.36',
  'accept' => 'text/html,application/xhtml+xml,application/xml;q=0.9,image/webp,image/apng,*/*;q=0.8',
  'referer' => 'http://newlc.lc/backend/index/index.html',
  'accept-encoding' => 'gzip, deflate',
  'accept-language' => 'zh-CN,zh;q=0.9,en;q=0.8',
  'cookie' => 'PHPSESSID=28d3ddaf02357d5db434befbb2bd1959',
)
[ info ] [ PARAM ] array (
)
[ info ] [ LANG ] /Users/modou/Works/web/newlc/public/../application/backend/lang/zh-cn.php
[ info ] [ SESSION ] INIT array (
  'id' => '',
  'var_session_id' => '',
  'prefix' => 'think',
  'type' => '',
  'auto_start' => true,
  'expire' => '86400',
)
[ info ] [ CACHE ] INIT File
[ info ] [ DB ] INIT mysql
[ info ] [ RUN ] app\backend\controller\Index->index[ /Users/modou/Works/web/newlc/application/backend/controller/Index.php ]
[ info ] [ VIEW ] /Users/modou/Works/web/newlc/public/../application/backend/view/index/index.html [ array (
  0 => 'config',
  1 => 'navlist',
) ]
[ info ] [ LOG ] INIT File
[ sql ] [ DB ] CONNECT:[ UseTime:0.000368s ] mysql:host=localhost;port=3306;dbname=new;charset=utf8
[ sql ] [ SQL ] SHOW COLUMNS FROM `n_auth_rule` [ RunTime:0.004196s ]
[ sql ] [ SQL ] SELECT * FROM `n_auth_rule` WHERE  `name` = 'backend/Index/index' LIMIT 1 [ RunTime:0.000449s ]
---------------------------------------------------------------
[ 2018-09-04T10:09:38+08:00 ] ::1 ::1 GET /backend/index/home/console.html
[ info ] newlc.lc/backend/index/home/console.html [运行时间：0.122686s][吞吐率：8.15req/s] [内存消耗：4,957.52kb] [文件加载：60]
[ info ] [ LANG ] /Users/modou/Works/web/newlc/thinkphp/lang/zh-cn.php
[ info ] [ ROUTE ] array (
  'type' => 'module',
  'module' => 
  array (
    0 => 'backend',
    1 => 'index',
    2 => 'home',
  ),
)
[ info ] [ HEADER ] array (
  'host' => 'newlc.lc',
  'connection' => 'keep-alive',
  'upgrade-insecure-requests' => '1',
  'user-agent' => 'Mozilla/5.0 (Macintosh; Intel Mac OS X 10_11_6) AppleWebKit/537.36 (KHTML, like Gecko) Chrome/68.0.3440.106 Safari/537.36',
  'accept' => 'text/html,application/xhtml+xml,application/xml;q=0.9,image/webp,image/apng,*/*;q=0.8',
  'referer' => 'http://newlc.lc/backend/index/index',
  'accept-encoding' => 'gzip, deflate',
  'accept-language' => 'zh-CN,zh;q=0.9,en;q=0.8',
  'cookie' => 'PHPSESSID=28d3ddaf02357d5db434befbb2bd1959',
)
[ info ] [ PARAM ] array (
)
[ info ] [ LANG ] /Users/modou/Works/web/newlc/public/../application/backend/lang/zh-cn.php
[ info ] [ SESSION ] INIT array (
  'id' => '',
  'var_session_id' => '',
  'prefix' => 'think',
  'type' => '',
  'auto_start' => true,
  'expire' => '86400',
)
[ info ] [ CACHE ] INIT File
[ info ] [ DB ] INIT mysql
[ info ] [ RUN ] app\backend\controller\Index->home[ /Users/modou/Works/web/newlc/application/backend/controller/Index.php ]
[ info ] [ VIEW ] /Users/modou/Works/web/newlc/public/../application/backend/view/index/home.html [ array (
  0 => 'config',
  1 => 'systemInfo',
  2 => 'info',
  3 => 'data',
) ]
[ info ] [ LOG ] INIT File
[ sql ] [ DB ] CONNECT:[ UseTime:0.000328s ] mysql:host=localhost;port=3306;dbname=new;charset=utf8
[ sql ] [ SQL ] SHOW COLUMNS FROM `n_auth_rule` [ RunTime:0.005164s ]
[ sql ] [ SQL ] SELECT * FROM `n_auth_rule` WHERE  `name` = 'backend/Index/home' LIMIT 1 [ RunTime:0.000451s ]
[ sql ] [ SQL ] SHOW COLUMNS FROM `n_customer` [ RunTime:0.006874s ]
[ sql ] [ SQL ] SELECT count(t.id) as count,`t1`.`name` FROM `n_customer` `t` LEFT JOIN `n_customer_cate` `t1` ON `t`.`cate_id`=`t1`.`id` WHERE  (  1=1 ) GROUP BY `t`.`cate_id` ORDER BY t1.ord desc,t1.id desc [ RunTime:0.004228s ]
[ sql ] [ SQL ] SELECT count(id) as ocount, date_format(FROM_UNIXTIME( `ctime`),'%m月%d日') odate  FROM `n_customer` where   `ctime`>1533434978 and `ctime`<1536076799 group by odate [ RunTime:0.000892s ]
---------------------------------------------------------------
[ 2018-09-04T10:09:38+08:00 ] ::1 ::1 GET /backend/Customer/getData?page=1&limit=10
[ info ] newlc.lc/backend/Customer/getData?page=1&limit=10 [运行时间：0.127840s][吞吐率：7.82req/s] [内存消耗：4,980.19kb] [文件加载：59]
[ info ] [ LANG ] /Users/modou/Works/web/newlc/thinkphp/lang/zh-cn.php
[ info ] [ ROUTE ] array (
  'type' => 'module',
  'module' => 
  array (
    0 => 'backend',
    1 => 'Customer',
    2 => 'getData',
  ),
)
[ info ] [ HEADER ] array (
  'host' => 'newlc.lc',
  'connection' => 'keep-alive',
  'accept' => 'application/json, text/javascript, */*; q=0.01',
  'x-requested-with' => 'XMLHttpRequest',
  'user-agent' => 'Mozilla/5.0 (Macintosh; Intel Mac OS X 10_11_6) AppleWebKit/537.36 (KHTML, like Gecko) Chrome/68.0.3440.106 Safari/537.36',
  'referer' => 'http://newlc.lc/backend/index/home/console.html',
  'accept-encoding' => 'gzip, deflate',
  'accept-language' => 'zh-CN,zh;q=0.9,en;q=0.8',
  'cookie' => 'PHPSESSID=28d3ddaf02357d5db434befbb2bd1959',
)
[ info ] [ PARAM ] array (
  'page' => '1',
  'limit' => '10',
)
[ info ] [ LANG ] /Users/modou/Works/web/newlc/public/../application/backend/lang/zh-cn.php
[ info ] [ SESSION ] INIT array (
  'id' => '',
  'var_session_id' => '',
  'prefix' => 'think',
  'type' => '',
  'auto_start' => true,
  'expire' => '86400',
)
[ info ] [ CACHE ] INIT File
[ info ] [ DB ] INIT mysql
[ info ] [ RUN ] app\backend\controller\Customer->getData[ /Users/modou/Works/web/newlc/application/backend/controller/Customer.php ]
[ info ] [ LOG ] INIT File
[ sql ] [ DB ] CONNECT:[ UseTime:0.000401s ] mysql:host=localhost;port=3306;dbname=new;charset=utf8
[ sql ] [ SQL ] SHOW COLUMNS FROM `n_auth_rule` [ RunTime:0.005039s ]
[ sql ] [ SQL ] SELECT * FROM `n_auth_rule` WHERE  `name` = 'backend/Customer/getdata' LIMIT 1 [ RunTime:0.000693s ]
[ sql ] [ SQL ] SHOW COLUMNS FROM `n_customer` [ RunTime:0.004047s ]
[ sql ] [ SQL ] SELECT `t`.*,t1.name as cate_name,t2.name as from_name,`t3`.`real_name`,`t4`.`group_name` FROM `n_customer` `t` LEFT JOIN `n_customer_cate` `t1` ON `t`.`cate_id`=`t1`.`id` LEFT JOIN `n_customer_from` `t2` ON `t`.`from`=`t2`.`id` LEFT JOIN `n_admin_user` `t3` ON `t`.`auid`=`t3`.`id` LEFT JOIN `n_auth_group` `t4` ON `t`.`group_id`=`t4`.`id` ORDER BY t.status desc,t.ord desc,t.id desc LIMIT 0,10 [ RunTime:0.004182s ]
[ sql ] [ SQL ] SELECT COUNT(*) AS tp_count FROM `n_customer` `t` LEFT JOIN `n_customer_cate` `t1` ON `t`.`cate_id`=`t1`.`id` LEFT JOIN `n_customer_from` `t2` ON `t`.`from`=`t2`.`id` LIMIT 1 [ RunTime:0.001388s ]
---------------------------------------------------------------
[ 2018-09-04T10:09:48+08:00 ] ::1 ::1 GET /backend/customer/index.html
[ info ] newlc.lc/backend/customer/index.html [运行时间：0.124076s][吞吐率：8.06req/s] [内存消耗：5,141.58kb] [文件加载：62]
[ info ] [ LANG ] /Users/modou/Works/web/newlc/thinkphp/lang/zh-cn.php
[ info ] [ ROUTE ] array (
  'type' => 'module',
  'module' => 
  array (
    0 => 'backend',
    1 => 'customer',
    2 => 'index',
  ),
)
[ info ] [ HEADER ] array (
  'host' => 'newlc.lc',
  'connection' => 'keep-alive',
  'upgrade-insecure-requests' => '1',
  'user-agent' => 'Mozilla/5.0 (Macintosh; Intel Mac OS X 10_11_6) AppleWebKit/537.36 (KHTML, like Gecko) Chrome/68.0.3440.106 Safari/537.36',
  'accept' => 'text/html,application/xhtml+xml,application/xml;q=0.9,image/webp,image/apng,*/*;q=0.8',
  'referer' => 'http://newlc.lc/backend/index/index',
  'accept-encoding' => 'gzip, deflate',
  'accept-language' => 'zh-CN,zh;q=0.9,en;q=0.8',
  'cookie' => 'PHPSESSID=28d3ddaf02357d5db434befbb2bd1959',
)
[ info ] [ PARAM ] array (
)
[ info ] [ LANG ] /Users/modou/Works/web/newlc/public/../application/backend/lang/zh-cn.php
[ info ] [ SESSION ] INIT array (
  'id' => '',
  'var_session_id' => '',
  'prefix' => 'think',
  'type' => '',
  'auto_start' => true,
  'expire' => '86400',
)
[ info ] [ CACHE ] INIT File
[ info ] [ DB ] INIT mysql
[ info ] [ RUN ] app\backend\controller\Customer->index[ /Users/modou/Works/web/newlc/application/backend/controller/Customer.php ]
[ info ] [ VIEW ] /Users/modou/Works/web/newlc/public/../application/backend/view/customer/index.html [ array (
  0 => 'config',
  1 => 'data',
) ]
[ info ] [ LOG ] INIT File
[ sql ] [ DB ] CONNECT:[ UseTime:0.000508s ] mysql:host=localhost;port=3306;dbname=new;charset=utf8
[ sql ] [ SQL ] SHOW COLUMNS FROM `n_auth_rule` [ RunTime:0.005418s ]
[ sql ] [ SQL ] SELECT * FROM `n_auth_rule` WHERE  `name` = 'backend/Customer/index' LIMIT 1 [ RunTime:0.000579s ]
[ sql ] [ SQL ] SHOW COLUMNS FROM `n_customer_cate` [ RunTime:0.005023s ]
[ sql ] [ SQL ] SELECT * FROM `n_customer_cate` WHERE  `status` = 1 ORDER BY status desc,ord desc,id desc [ RunTime:0.000636s ]
[ sql ] [ SQL ] SHOW COLUMNS FROM `n_customer_from` [ RunTime:0.005360s ]
[ sql ] [ SQL ] SELECT * FROM `n_customer_from` WHERE  `status` = 1 ORDER BY status desc,ord desc,id desc [ RunTime:0.000537s ]
[ sql ] [ SQL ] SHOW COLUMNS FROM `n_admin_user` [ RunTime:0.005443s ]
[ sql ] [ SQL ] SELECT * FROM `n_admin_user` [ RunTime:0.000435s ]
---------------------------------------------------------------
[ 2018-09-04T10:09:49+08:00 ] ::1 ::1 GET /backend/customer/getdata.html?page=1&limit=15
[ info ] newlc.lc/backend/customer/getdata.html?page=1&limit=15 [运行时间：0.096890s][吞吐率：10.32req/s] [内存消耗：4,979.93kb] [文件加载：59]
[ info ] [ LANG ] /Users/modou/Works/web/newlc/thinkphp/lang/zh-cn.php
[ info ] [ ROUTE ] array (
  'type' => 'module',
  'module' => 
  array (
    0 => 'backend',
    1 => 'customer',
    2 => 'getdata',
  ),
)
[ info ] [ HEADER ] array (
  'host' => 'newlc.lc',
  'connection' => 'keep-alive',
  'accept' => 'application/json, text/javascript, */*; q=0.01',
  'x-requested-with' => 'XMLHttpRequest',
  'user-agent' => 'Mozilla/5.0 (Macintosh; Intel Mac OS X 10_11_6) AppleWebKit/537.36 (KHTML, like Gecko) Chrome/68.0.3440.106 Safari/537.36',
  'referer' => 'http://newlc.lc/backend/customer/index.html',
  'accept-encoding' => 'gzip, deflate',
  'accept-language' => 'zh-CN,zh;q=0.9,en;q=0.8',
  'cookie' => 'PHPSESSID=28d3ddaf02357d5db434befbb2bd1959',
)
[ info ] [ PARAM ] array (
  'page' => '1',
  'limit' => '15',
)
[ info ] [ LANG ] /Users/modou/Works/web/newlc/public/../application/backend/lang/zh-cn.php
[ info ] [ SESSION ] INIT array (
  'id' => '',
  'var_session_id' => '',
  'prefix' => 'think',
  'type' => '',
  'auto_start' => true,
  'expire' => '86400',
)
[ info ] [ CACHE ] INIT File
[ info ] [ DB ] INIT mysql
[ info ] [ RUN ] app\backend\controller\Customer->getData[ /Users/modou/Works/web/newlc/application/backend/controller/Customer.php ]
[ info ] [ LOG ] INIT File
[ sql ] [ DB ] CONNECT:[ UseTime:0.000368s ] mysql:host=localhost;port=3306;dbname=new;charset=utf8
[ sql ] [ SQL ] SHOW COLUMNS FROM `n_auth_rule` [ RunTime:0.005509s ]
[ sql ] [ SQL ] SELECT * FROM `n_auth_rule` WHERE  `name` = 'backend/Customer/getdata' LIMIT 1 [ RunTime:0.000533s ]
[ sql ] [ SQL ] SHOW COLUMNS FROM `n_customer` [ RunTime:0.004424s ]
[ sql ] [ SQL ] SELECT `t`.*,t1.name as cate_name,t2.name as from_name,`t3`.`real_name`,`t4`.`group_name` FROM `n_customer` `t` LEFT JOIN `n_customer_cate` `t1` ON `t`.`cate_id`=`t1`.`id` LEFT JOIN `n_customer_from` `t2` ON `t`.`from`=`t2`.`id` LEFT JOIN `n_admin_user` `t3` ON `t`.`auid`=`t3`.`id` LEFT JOIN `n_auth_group` `t4` ON `t`.`group_id`=`t4`.`id` ORDER BY t.status desc,t.ord desc,t.id desc LIMIT 0,15 [ RunTime:0.000800s ]
[ sql ] [ SQL ] SELECT COUNT(*) AS tp_count FROM `n_customer` `t` LEFT JOIN `n_customer_cate` `t1` ON `t`.`cate_id`=`t1`.`id` LEFT JOIN `n_customer_from` `t2` ON `t`.`from`=`t2`.`id` LIMIT 1 [ RunTime:0.000298s ]
---------------------------------------------------------------
[ 2018-09-04T10:09:56+08:00 ] ::1 ::1 GET /backend/customer/cateindex.html
[ info ] newlc.lc/backend/customer/cateindex.html [运行时间：0.171982s][吞吐率：5.81req/s] [内存消耗：5,703.66kb] [文件加载：70]
[ info ] [ LANG ] /Users/modou/Works/web/newlc/thinkphp/lang/zh-cn.php
[ info ] [ ROUTE ] array (
  'type' => 'module',
  'module' => 
  array (
    0 => 'backend',
    1 => 'customer',
    2 => 'cateindex',
  ),
)
[ info ] [ HEADER ] array (
  'host' => 'newlc.lc',
  'connection' => 'keep-alive',
  'upgrade-insecure-requests' => '1',
  'user-agent' => 'Mozilla/5.0 (Macintosh; Intel Mac OS X 10_11_6) AppleWebKit/537.36 (KHTML, like Gecko) Chrome/68.0.3440.106 Safari/537.36',
  'accept' => 'text/html,application/xhtml+xml,application/xml;q=0.9,image/webp,image/apng,*/*;q=0.8',
  'referer' => 'http://newlc.lc/backend/index/index',
  'accept-encoding' => 'gzip, deflate',
  'accept-language' => 'zh-CN,zh;q=0.9,en;q=0.8',
  'cookie' => 'PHPSESSID=28d3ddaf02357d5db434befbb2bd1959',
)
[ info ] [ PARAM ] array (
)
[ info ] [ LANG ] /Users/modou/Works/web/newlc/public/../application/backend/lang/zh-cn.php
[ info ] [ SESSION ] INIT array (
  'id' => '',
  'var_session_id' => '',
  'prefix' => 'think',
  'type' => '',
  'auto_start' => true,
  'expire' => '86400',
)
[ info ] [ CACHE ] INIT File
[ info ] [ DB ] INIT mysql
[ info ] [ RUN ] app\backend\controller\Customer->cateIndex[ /Users/modou/Works/web/newlc/application/backend/controller/Customer.php ]
[ info ] [ VIEW ] /Users/modou/Works/web/newlc/public/../application/backend/view/customer/cateindex.html [ array (
  0 => 'config',
  1 => 'data',
) ]
[ info ] [ LOG ] INIT File
[ sql ] [ DB ] CONNECT:[ UseTime:0.000971s ] mysql:host=localhost;port=3306;dbname=new;charset=utf8
[ sql ] [ SQL ] SHOW COLUMNS FROM `n_auth_rule` [ RunTime:0.005002s ]
[ sql ] [ SQL ] SELECT * FROM `n_auth_rule` WHERE  `name` = 'backend/Customer/cateindex' LIMIT 1 [ RunTime:0.000506s ]
[ sql ] [ SQL ] SHOW COLUMNS FROM `n_customer_cate` [ RunTime:0.003781s ]
[ sql ] [ SQL ] SELECT COUNT(*) AS tp_count FROM `n_customer_cate` WHERE  (  1=1 ) LIMIT 1 [ RunTime:0.000327s ]
[ sql ] [ SQL ] SELECT * FROM `n_customer_cate` WHERE  (  1=1 ) ORDER BY status desc,ord desc,id desc LIMIT 0,15 [ RunTime:0.000708s ]
[ sql ] [ SQL ] SHOW COLUMNS FROM `n_auth_group` [ RunTime:0.003694s ]
[ sql ] [ SQL ] SELECT `group_name`,`rules` FROM `n_auth_group` WHERE  `id` = 1 LIMIT 1 [ RunTime:0.000499s ]
[ sql ] [ SQL ] SHOW COLUMNS FROM `n_admin_user` [ RunTime:0.004881s ]
[ sql ] [ SQL ] SELECT `real_name` FROM `n_admin_user` WHERE  `id` = 1 LIMIT 1 [ RunTime:0.000390s ]
[ sql ] [ SQL ] SELECT `group_name`,`rules` FROM `n_auth_group` WHERE  `id` = 1 LIMIT 1 [ RunTime:0.000325s ]
[ sql ] [ SQL ] SELECT `real_name` FROM `n_admin_user` WHERE  `id` = 1 LIMIT 1 [ RunTime:0.000404s ]
[ sql ] [ SQL ] SELECT `group_name`,`rules` FROM `n_auth_group` WHERE  `id` = 1 LIMIT 1 [ RunTime:0.000334s ]
[ sql ] [ SQL ] SELECT `real_name` FROM `n_admin_user` WHERE  `id` = 1 LIMIT 1 [ RunTime:0.000318s ]
[ sql ] [ SQL ] SELECT `group_name`,`rules` FROM `n_auth_group` WHERE  `id` = 1 LIMIT 1 [ RunTime:0.000561s ]
[ sql ] [ SQL ] SELECT `real_name` FROM `n_admin_user` WHERE  `id` = 1 LIMIT 1 [ RunTime:0.000516s ]
[ sql ] [ SQL ] SELECT `group_name`,`rules` FROM `n_auth_group` WHERE  `id` = 1 LIMIT 1 [ RunTime:0.000419s ]
[ sql ] [ SQL ] SELECT `real_name` FROM `n_admin_user` WHERE  `id` = 1 LIMIT 1 [ RunTime:0.000540s ]
[ sql ] [ SQL ] SELECT `group_name`,`rules` FROM `n_auth_group` WHERE  `id` = 1 LIMIT 1 [ RunTime:0.000392s ]
[ sql ] [ SQL ] SELECT `real_name` FROM `n_admin_user` WHERE  `id` = 1 LIMIT 1 [ RunTime:0.000416s ]
---------------------------------------------------------------
[ 2018-09-04T10:09:57+08:00 ] ::1 ::1 GET /backend/customer/fromindex.html
[ info ] newlc.lc/backend/customer/fromindex.html [运行时间：0.176840s][吞吐率：5.65req/s] [内存消耗：5,753.16kb] [文件加载：70]
[ info ] [ LANG ] /Users/modou/Works/web/newlc/thinkphp/lang/zh-cn.php
[ info ] [ ROUTE ] array (
  'type' => 'module',
  'module' => 
  array (
    0 => 'backend',
    1 => 'customer',
    2 => 'fromindex',
  ),
)
[ info ] [ HEADER ] array (
  'host' => 'newlc.lc',
  'connection' => 'keep-alive',
  'upgrade-insecure-requests' => '1',
  'user-agent' => 'Mozilla/5.0 (Macintosh; Intel Mac OS X 10_11_6) AppleWebKit/537.36 (KHTML, like Gecko) Chrome/68.0.3440.106 Safari/537.36',
  'accept' => 'text/html,application/xhtml+xml,application/xml;q=0.9,image/webp,image/apng,*/*;q=0.8',
  'referer' => 'http://newlc.lc/backend/index/index',
  'accept-encoding' => 'gzip, deflate',
  'accept-language' => 'zh-CN,zh;q=0.9,en;q=0.8',
  'cookie' => 'PHPSESSID=28d3ddaf02357d5db434befbb2bd1959',
)
[ info ] [ PARAM ] array (
)
[ info ] [ LANG ] /Users/modou/Works/web/newlc/public/../application/backend/lang/zh-cn.php
[ info ] [ SESSION ] INIT array (
  'id' => '',
  'var_session_id' => '',
  'prefix' => 'think',
  'type' => '',
  'auto_start' => true,
  'expire' => '86400',
)
[ info ] [ CACHE ] INIT File
[ info ] [ DB ] INIT mysql
[ info ] [ RUN ] app\backend\controller\Customer->fromIndex[ /Users/modou/Works/web/newlc/application/backend/controller/Customer.php ]
[ info ] [ VIEW ] /Users/modou/Works/web/newlc/public/../application/backend/view/customer/fromindex.html [ array (
  0 => 'config',
  1 => 'data',
) ]
[ info ] [ LOG ] INIT File
[ sql ] [ DB ] CONNECT:[ UseTime:0.000406s ] mysql:host=localhost;port=3306;dbname=new;charset=utf8
[ sql ] [ SQL ] SHOW COLUMNS FROM `n_auth_rule` [ RunTime:0.005045s ]
[ sql ] [ SQL ] SELECT * FROM `n_auth_rule` WHERE  `name` = 'backend/Customer/fromindex' LIMIT 1 [ RunTime:0.000708s ]
[ sql ] [ SQL ] SHOW COLUMNS FROM `n_customer_from` [ RunTime:0.005249s ]
[ sql ] [ SQL ] SELECT COUNT(*) AS tp_count FROM `n_customer_from` WHERE  (  1=1 ) LIMIT 1 [ RunTime:0.000285s ]
[ sql ] [ SQL ] SELECT * FROM `n_customer_from` WHERE  (  1=1 ) ORDER BY status desc,ord desc,id desc LIMIT 0,15 [ RunTime:0.000507s ]
[ sql ] [ SQL ] SHOW COLUMNS FROM `n_auth_group` [ RunTime:0.003935s ]
[ sql ] [ SQL ] SELECT `group_name`,`rules` FROM `n_auth_group` WHERE  `id` = 1 LIMIT 1 [ RunTime:0.000510s ]
[ sql ] [ SQL ] SHOW COLUMNS FROM `n_admin_user` [ RunTime:0.005066s ]
[ sql ] [ SQL ] SELECT `real_name` FROM `n_admin_user` WHERE  `id` = 1 LIMIT 1 [ RunTime:0.000368s ]
[ sql ] [ SQL ] SELECT `group_name`,`rules` FROM `n_auth_group` WHERE  `id` = 1 LIMIT 1 [ RunTime:0.000369s ]
[ sql ] [ SQL ] SELECT `real_name` FROM `n_admin_user` WHERE  `id` = 1 LIMIT 1 [ RunTime:0.000357s ]
[ sql ] [ SQL ] SELECT `group_name`,`rules` FROM `n_auth_group` WHERE  `id` = 1 LIMIT 1 [ RunTime:0.000842s ]
[ sql ] [ SQL ] SELECT `real_name` FROM `n_admin_user` WHERE  `id` = 1 LIMIT 1 [ RunTime:0.000490s ]
[ sql ] [ SQL ] SELECT `group_name`,`rules` FROM `n_auth_group` WHERE  `id` = 1 LIMIT 1 [ RunTime:0.000421s ]
[ sql ] [ SQL ] SELECT `real_name` FROM `n_admin_user` WHERE  `id` = 1 LIMIT 1 [ RunTime:0.000308s ]
[ sql ] [ SQL ] SELECT `group_name`,`rules` FROM `n_auth_group` WHERE  `id` = 1 LIMIT 1 [ RunTime:0.000410s ]
[ sql ] [ SQL ] SELECT `real_name` FROM `n_admin_user` WHERE  `id` = 1 LIMIT 1 [ RunTime:0.000334s ]
[ sql ] [ SQL ] SELECT `group_name`,`rules` FROM `n_auth_group` WHERE  `id` = 1 LIMIT 1 [ RunTime:0.000367s ]
[ sql ] [ SQL ] SELECT `real_name` FROM `n_admin_user` WHERE  `id` = 1 LIMIT 1 [ RunTime:0.000451s ]
[ sql ] [ SQL ] SELECT `group_name`,`rules` FROM `n_auth_group` WHERE  `id` = 1 LIMIT 1 [ RunTime:0.000404s ]
[ sql ] [ SQL ] SELECT `real_name` FROM `n_admin_user` WHERE  `id` = 1 LIMIT 1 [ RunTime:0.000441s ]
[ sql ] [ SQL ] SELECT `group_name`,`rules` FROM `n_auth_group` WHERE  `id` = 1 LIMIT 1 [ RunTime:0.000416s ]
[ sql ] [ SQL ] SELECT `real_name` FROM `n_admin_user` WHERE  `id` = 1 LIMIT 1 [ RunTime:0.000371s ]
[ sql ] [ SQL ] SELECT `group_name`,`rules` FROM `n_auth_group` WHERE  `id` = 1 LIMIT 1 [ RunTime:0.000373s ]
[ sql ] [ SQL ] SELECT `real_name` FROM `n_admin_user` WHERE  `id` = 1 LIMIT 1 [ RunTime:0.000357s ]
[ sql ] [ SQL ] SELECT `group_name`,`rules` FROM `n_auth_group` WHERE  `id` = 1 LIMIT 1 [ RunTime:0.000902s ]
[ sql ] [ SQL ] SELECT `real_name` FROM `n_admin_user` WHERE  `id` = 1 LIMIT 1 [ RunTime:0.000428s ]
---------------------------------------------------------------
[ 2018-09-04T10:10:01+08:00 ] ::1 ::1 GET /backend/customer/down.html?name=&mobile=&province=&city=&cate_id=&from=&auid=
[ info ] newlc.lc/backend/customer/down.html?name=&mobile=&province=&city=&cate_id=&from=&auid= [运行时间：0.372482s][吞吐率：2.68req/s] [内存消耗：10,419.93kb] [文件加载：115]
[ info ] [ LANG ] /Users/modou/Works/web/newlc/thinkphp/lang/zh-cn.php
[ info ] [ ROUTE ] array (
  'type' => 'module',
  'module' => 
  array (
    0 => 'backend',
    1 => 'customer',
    2 => 'down',
  ),
)
[ info ] [ HEADER ] array (
  'host' => 'newlc.lc',
  'connection' => 'keep-alive',
  'upgrade-insecure-requests' => '1',
  'user-agent' => 'Mozilla/5.0 (Macintosh; Intel Mac OS X 10_11_6) AppleWebKit/537.36 (KHTML, like Gecko) Chrome/68.0.3440.106 Safari/537.36',
  'accept' => 'text/html,application/xhtml+xml,application/xml;q=0.9,image/webp,image/apng,*/*;q=0.8',
  'referer' => 'http://newlc.lc/backend/customer/index.html',
  'accept-encoding' => 'gzip, deflate',
  'accept-language' => 'zh-CN,zh;q=0.9,en;q=0.8',
  'cookie' => 'PHPSESSID=28d3ddaf02357d5db434befbb2bd1959',
)
[ info ] [ PARAM ] array (
  'name' => '',
  'mobile' => '',
  'province' => '',
  'city' => '',
  'cate_id' => '',
  'from' => '',
  'auid' => '',
)
[ info ] [ LANG ] /Users/modou/Works/web/newlc/public/../application/backend/lang/zh-cn.php
[ info ] [ SESSION ] INIT array (
  'id' => '',
  'var_session_id' => '',
  'prefix' => 'think',
  'type' => '',
  'auto_start' => true,
  'expire' => '86400',
)
[ info ] [ CACHE ] INIT File
[ info ] [ DB ] INIT mysql
[ info ] [ RUN ] app\backend\controller\Customer->down[ /Users/modou/Works/web/newlc/application/backend/controller/Customer.php ]
[ info ] [ LOG ] INIT File
[ sql ] [ DB ] CONNECT:[ UseTime:0.000377s ] mysql:host=localhost;port=3306;dbname=new;charset=utf8
[ sql ] [ SQL ] SHOW COLUMNS FROM `n_auth_rule` [ RunTime:0.004074s ]
[ sql ] [ SQL ] SELECT * FROM `n_auth_rule` WHERE  `name` = 'backend/Customer/down' LIMIT 1 [ RunTime:0.000440s ]
[ sql ] [ SQL ] SHOW COLUMNS FROM `n_customer` [ RunTime:0.005436s ]
[ sql ] [ SQL ] SELECT `t`.*,t1.name as cate_name,t2.name as from_name,`t3`.`real_name`,`t4`.`group_name` FROM `n_customer` `t` LEFT JOIN `n_customer_cate` `t1` ON `t`.`cate_id`=`t1`.`id` LEFT JOIN `n_customer_from` `t2` ON `t`.`from`=`t2`.`id` LEFT JOIN `n_admin_user` `t3` ON `t`.`auid`=`t3`.`id` LEFT JOIN `n_auth_group` `t4` ON `t`.`group_id`=`t4`.`id` ORDER BY t.status desc,t.ord desc,t.id desc [ RunTime:0.000851s ]
---------------------------------------------------------------
[ 2018-09-04T10:10:06+08:00 ] ::1 ::1 GET /backend/customer/add.html
[ info ] newlc.lc/backend/customer/add.html [运行时间：0.134202s][吞吐率：7.45req/s] [内存消耗：5,269.76kb] [文件加载：63]
[ info ] [ LANG ] /Users/modou/Works/web/newlc/thinkphp/lang/zh-cn.php
[ info ] [ ROUTE ] array (
  'type' => 'module',
  'module' => 
  array (
    0 => 'backend',
    1 => 'customer',
    2 => 'add',
  ),
)
[ info ] [ HEADER ] array (
  'host' => 'newlc.lc',
  'connection' => 'keep-alive',
  'upgrade-insecure-requests' => '1',
  'user-agent' => 'Mozilla/5.0 (Macintosh; Intel Mac OS X 10_11_6) AppleWebKit/537.36 (KHTML, like Gecko) Chrome/68.0.3440.106 Safari/537.36',
  'accept' => 'text/html,application/xhtml+xml,application/xml;q=0.9,image/webp,image/apng,*/*;q=0.8',
  'referer' => 'http://newlc.lc/backend/customer/index.html',
  'accept-encoding' => 'gzip, deflate',
  'accept-language' => 'zh-CN,zh;q=0.9,en;q=0.8',
  'cookie' => 'PHPSESSID=28d3ddaf02357d5db434befbb2bd1959',
)
[ info ] [ PARAM ] array (
)
[ info ] [ LANG ] /Users/modou/Works/web/newlc/public/../application/backend/lang/zh-cn.php
[ info ] [ SESSION ] INIT array (
  'id' => '',
  'var_session_id' => '',
  'prefix' => 'think',
  'type' => '',
  'auto_start' => true,
  'expire' => '86400',
)
[ info ] [ CACHE ] INIT File
[ info ] [ DB ] INIT mysql
[ info ] [ RUN ] app\backend\controller\Customer->add[ /Users/modou/Works/web/newlc/application/backend/controller/Customer.php ]
[ info ] [ VIEW ] /Users/modou/Works/web/newlc/public/../application/backend/view/customer/add.html [ array (
  0 => 'config',
  1 => 'data',
) ]
[ info ] [ LOG ] INIT File
[ sql ] [ DB ] CONNECT:[ UseTime:0.000386s ] mysql:host=localhost;port=3306;dbname=new;charset=utf8
[ sql ] [ SQL ] SHOW COLUMNS FROM `n_auth_rule` [ RunTime:0.004235s ]
[ sql ] [ SQL ] SELECT * FROM `n_auth_rule` WHERE  `name` = 'backend/Customer/add' LIMIT 1 [ RunTime:0.000408s ]
[ sql ] [ SQL ] SHOW COLUMNS FROM `n_customer_cate` [ RunTime:0.003561s ]
[ sql ] [ SQL ] SELECT * FROM `n_customer_cate` WHERE  `status` = 1 ORDER BY status desc,ord desc,id desc [ RunTime:0.000474s ]
[ sql ] [ SQL ] SHOW COLUMNS FROM `n_customer_from` [ RunTime:0.005088s ]
[ sql ] [ SQL ] SELECT * FROM `n_customer_from` WHERE  `status` = 1 ORDER BY status desc,ord desc,id desc [ RunTime:0.000459s ]
---------------------------------------------------------------
[ 2018-09-04T10:10:18+08:00 ] ::1 ::1 GET /backend/system_manage/actionlog.html
[ info ] newlc.lc/backend/system_manage/actionlog.html [运行时间：0.114032s][吞吐率：8.77req/s] [内存消耗：4,778.66kb] [文件加载：63]
[ info ] [ LANG ] /Users/modou/Works/web/newlc/thinkphp/lang/zh-cn.php
[ info ] [ ROUTE ] array (
  'type' => 'module',
  'module' => 
  array (
    0 => 'backend',
    1 => 'system_manage',
    2 => 'actionlog',
  ),
)
[ info ] [ HEADER ] array (
  'host' => 'newlc.lc',
  'connection' => 'keep-alive',
  'upgrade-insecure-requests' => '1',
  'user-agent' => 'Mozilla/5.0 (Macintosh; Intel Mac OS X 10_11_6) AppleWebKit/537.36 (KHTML, like Gecko) Chrome/68.0.3440.106 Safari/537.36',
  'accept' => 'text/html,application/xhtml+xml,application/xml;q=0.9,image/webp,image/apng,*/*;q=0.8',
  'referer' => 'http://newlc.lc/backend/index/index',
  'accept-encoding' => 'gzip, deflate',
  'accept-language' => 'zh-CN,zh;q=0.9,en;q=0.8',
  'cookie' => 'PHPSESSID=28d3ddaf02357d5db434befbb2bd1959',
)
[ info ] [ PARAM ] array (
)
[ info ] [ LANG ] /Users/modou/Works/web/newlc/public/../application/backend/lang/zh-cn.php
[ info ] [ SESSION ] INIT array (
  'id' => '',
  'var_session_id' => '',
  'prefix' => 'think',
  'type' => '',
  'auto_start' => true,
  'expire' => '86400',
)
[ info ] [ CACHE ] INIT File
[ info ] [ DB ] INIT mysql
[ info ] [ RUN ] app\backend\controller\SystemManage->actionLog[ /Users/modou/Works/web/newlc/application/backend/controller/SystemManage.php ]
[ info ] [ VIEW ] /Users/modou/Works/web/newlc/public/../application/backend/view/system_manage/actionlog.html [ array (
  0 => 'config',
  1 => 'data',
  2 => 'param',
) ]
[ info ] [ LOG ] INIT File
[ sql ] [ DB ] CONNECT:[ UseTime:0.000574s ] mysql:host=localhost;port=3306;dbname=new;charset=utf8
[ sql ] [ SQL ] SHOW COLUMNS FROM `n_auth_rule` [ RunTime:0.005235s ]
[ sql ] [ SQL ] SELECT * FROM `n_auth_rule` WHERE  `name` = 'backend/SystemManage/actionlog' LIMIT 1 [ RunTime:0.000499s ]
[ sql ] [ SQL ] SHOW COLUMNS FROM `n_log` [ RunTime:0.004898s ]
[ sql ] [ SQL ] SELECT COUNT(*) AS tp_count FROM `n_log` `log` LEFT JOIN `n_admin_user` `au` ON `log`.`auid`=`au`.`id` LIMIT 1 [ RunTime:0.001870s ]
[ sql ] [ SQL ] SELECT `log`.*,`au`.`admin_name` FROM `n_log` `log` LEFT JOIN `n_admin_user` `au` ON `log`.`auid`=`au`.`id` ORDER BY log.id DESC LIMIT 0,30 [ RunTime:0.000767s ]
---------------------------------------------------------------
[ 2018-09-04T10:10:19+08:00 ] ::1 ::1 GET /backend/system_manage/loginlog.html
[ info ] newlc.lc/backend/system_manage/loginlog.html [运行时间：0.101218s][吞吐率：9.88req/s] [内存消耗：4,766.31kb] [文件加载：63]
[ info ] [ LANG ] /Users/modou/Works/web/newlc/thinkphp/lang/zh-cn.php
[ info ] [ ROUTE ] array (
  'type' => 'module',
  'module' => 
  array (
    0 => 'backend',
    1 => 'system_manage',
    2 => 'loginlog',
  ),
)
[ info ] [ HEADER ] array (
  'host' => 'newlc.lc',
  'connection' => 'keep-alive',
  'upgrade-insecure-requests' => '1',
  'user-agent' => 'Mozilla/5.0 (Macintosh; Intel Mac OS X 10_11_6) AppleWebKit/537.36 (KHTML, like Gecko) Chrome/68.0.3440.106 Safari/537.36',
  'accept' => 'text/html,application/xhtml+xml,application/xml;q=0.9,image/webp,image/apng,*/*;q=0.8',
  'referer' => 'http://newlc.lc/backend/index/index',
  'accept-encoding' => 'gzip, deflate',
  'accept-language' => 'zh-CN,zh;q=0.9,en;q=0.8',
  'cookie' => 'PHPSESSID=28d3ddaf02357d5db434befbb2bd1959',
)
[ info ] [ PARAM ] array (
)
[ info ] [ LANG ] /Users/modou/Works/web/newlc/public/../application/backend/lang/zh-cn.php
[ info ] [ SESSION ] INIT array (
  'id' => '',
  'var_session_id' => '',
  'prefix' => 'think',
  'type' => '',
  'auto_start' => true,
  'expire' => '86400',
)
[ info ] [ CACHE ] INIT File
[ info ] [ DB ] INIT mysql
[ info ] [ RUN ] app\backend\controller\SystemManage->loginlog[ /Users/modou/Works/web/newlc/application/backend/controller/SystemManage.php ]
[ info ] [ VIEW ] /Users/modou/Works/web/newlc/public/../application/backend/view/system_manage/loginlog.html [ array (
  0 => 'config',
  1 => 'data',
  2 => 'param',
) ]
[ info ] [ LOG ] INIT File
[ sql ] [ DB ] CONNECT:[ UseTime:0.000389s ] mysql:host=localhost;port=3306;dbname=new;charset=utf8
[ sql ] [ SQL ] SHOW COLUMNS FROM `n_auth_rule` [ RunTime:0.003190s ]
[ sql ] [ SQL ] SELECT * FROM `n_auth_rule` WHERE  `name` = 'backend/SystemManage/loginlog' LIMIT 1 [ RunTime:0.000571s ]
[ sql ] [ SQL ] SHOW COLUMNS FROM `n_login_log` [ RunTime:0.003747s ]
[ sql ] [ SQL ] SELECT COUNT(*) AS tp_count FROM `n_login_log` `log` LEFT JOIN `n_admin_user` `au` ON `log`.`auid`=`au`.`id` LIMIT 1 [ RunTime:0.000380s ]
[ sql ] [ SQL ] SELECT `log`.*,`au`.`admin_name` FROM `n_login_log` `log` LEFT JOIN `n_admin_user` `au` ON `log`.`auid`=`au`.`id` ORDER BY log.id DESC LIMIT 0,30 [ RunTime:0.000513s ]
---------------------------------------------------------------
[ 2018-09-04T10:10:21+08:00 ] ::1 ::1 GET /backend/config_manage/index.html
[ info ] newlc.lc/backend/config_manage/index.html [运行时间：0.088072s][吞吐率：11.35req/s] [内存消耗：4,563.97kb] [文件加载：59]
[ info ] [ LANG ] /Users/modou/Works/web/newlc/thinkphp/lang/zh-cn.php
[ info ] [ ROUTE ] array (
  'type' => 'module',
  'module' => 
  array (
    0 => 'backend',
    1 => 'config_manage',
    2 => 'index',
  ),
)
[ info ] [ HEADER ] array (
  'host' => 'newlc.lc',
  'connection' => 'keep-alive',
  'upgrade-insecure-requests' => '1',
  'user-agent' => 'Mozilla/5.0 (Macintosh; Intel Mac OS X 10_11_6) AppleWebKit/537.36 (KHTML, like Gecko) Chrome/68.0.3440.106 Safari/537.36',
  'accept' => 'text/html,application/xhtml+xml,application/xml;q=0.9,image/webp,image/apng,*/*;q=0.8',
  'referer' => 'http://newlc.lc/backend/index/index',
  'accept-encoding' => 'gzip, deflate',
  'accept-language' => 'zh-CN,zh;q=0.9,en;q=0.8',
  'cookie' => 'PHPSESSID=28d3ddaf02357d5db434befbb2bd1959',
)
[ info ] [ PARAM ] array (
)
[ info ] [ LANG ] /Users/modou/Works/web/newlc/public/../application/backend/lang/zh-cn.php
[ info ] [ SESSION ] INIT array (
  'id' => '',
  'var_session_id' => '',
  'prefix' => 'think',
  'type' => '',
  'auto_start' => true,
  'expire' => '86400',
)
[ info ] [ CACHE ] INIT File
[ info ] [ DB ] INIT mysql
[ info ] [ RUN ] app\backend\controller\ConfigManage->index[ /Users/modou/Works/web/newlc/application/backend/controller/ConfigManage.php ]
[ info ] [ VIEW ] /Users/modou/Works/web/newlc/public/../application/backend/view/config_manage/index.html [ array (
  0 => 'config',
  1 => 'data',
) ]
[ info ] [ LOG ] INIT File
[ sql ] [ DB ] CONNECT:[ UseTime:0.000367s ] mysql:host=localhost;port=3306;dbname=new;charset=utf8
[ sql ] [ SQL ] SHOW COLUMNS FROM `n_auth_rule` [ RunTime:0.005316s ]
[ sql ] [ SQL ] SELECT * FROM `n_auth_rule` WHERE  `name` = 'backend/ConfigManage/index' LIMIT 1 [ RunTime:0.000596s ]
---------------------------------------------------------------
[ 2018-09-04T10:10:22+08:00 ] ::1 ::1 GET /backend/news/index.html
[ info ] newlc.lc/backend/news/index.html [运行时间：0.110006s][吞吐率：9.09req/s] [内存消耗：5,019.30kb] [文件加载：61]
[ info ] [ LANG ] /Users/modou/Works/web/newlc/thinkphp/lang/zh-cn.php
[ info ] [ ROUTE ] array (
  'type' => 'module',
  'module' => 
  array (
    0 => 'backend',
    1 => 'news',
    2 => 'index',
  ),
)
[ info ] [ HEADER ] array (
  'host' => 'newlc.lc',
  'connection' => 'keep-alive',
  'upgrade-insecure-requests' => '1',
  'user-agent' => 'Mozilla/5.0 (Macintosh; Intel Mac OS X 10_11_6) AppleWebKit/537.36 (KHTML, like Gecko) Chrome/68.0.3440.106 Safari/537.36',
  'accept' => 'text/html,application/xhtml+xml,application/xml;q=0.9,image/webp,image/apng,*/*;q=0.8',
  'referer' => 'http://newlc.lc/backend/index/index',
  'accept-encoding' => 'gzip, deflate',
  'accept-language' => 'zh-CN,zh;q=0.9,en;q=0.8',
  'cookie' => 'PHPSESSID=28d3ddaf02357d5db434befbb2bd1959',
)
[ info ] [ PARAM ] array (
)
[ info ] [ LANG ] /Users/modou/Works/web/newlc/public/../application/backend/lang/zh-cn.php
[ info ] [ SESSION ] INIT array (
  'id' => '',
  'var_session_id' => '',
  'prefix' => 'think',
  'type' => '',
  'auto_start' => true,
  'expire' => '86400',
)
[ info ] [ CACHE ] INIT File
[ info ] [ DB ] INIT mysql
[ info ] [ RUN ] app\backend\controller\News->index[ /Users/modou/Works/web/newlc/application/backend/controller/News.php ]
[ info ] [ VIEW ] /Users/modou/Works/web/newlc/public/../application/backend/view/news/index.html [ array (
  0 => 'config',
  1 => 'data',
) ]
[ info ] [ LOG ] INIT File
[ sql ] [ DB ] CONNECT:[ UseTime:0.000367s ] mysql:host=localhost;port=3306;dbname=new;charset=utf8
[ sql ] [ SQL ] SHOW COLUMNS FROM `n_auth_rule` [ RunTime:0.005345s ]
[ sql ] [ SQL ] SELECT * FROM `n_auth_rule` WHERE  `name` = 'backend/News/index' LIMIT 1 [ RunTime:0.000793s ]
[ sql ] [ SQL ] SHOW COLUMNS FROM `n_news_cate` [ RunTime:0.006671s ]
[ sql ] [ SQL ] SELECT * FROM `n_news_cate` WHERE  `status` = 1 ORDER BY status desc,ord desc,id desc [ RunTime:0.001622s ]
[ sql ] [ SQL ] SHOW COLUMNS FROM `n_admin_user` [ RunTime:0.005133s ]
[ sql ] [ SQL ] SELECT * FROM `n_admin_user` [ RunTime:0.000515s ]
---------------------------------------------------------------
[ 2018-09-04T10:10:23+08:00 ] ::1 ::1 GET /backend/news/getdata.html?page=1&limit=15
[ info ] newlc.lc/backend/news/getdata.html?page=1&limit=15 [运行时间：0.109747s][吞吐率：9.11req/s] [内存消耗：4,848.02kb] [文件加载：59]
[ info ] [ LANG ] /Users/modou/Works/web/newlc/thinkphp/lang/zh-cn.php
[ info ] [ ROUTE ] array (
  'type' => 'module',
  'module' => 
  array (
    0 => 'backend',
    1 => 'news',
    2 => 'getdata',
  ),
)
[ info ] [ HEADER ] array (
  'host' => 'newlc.lc',
  'connection' => 'keep-alive',
  'accept' => 'application/json, text/javascript, */*; q=0.01',
  'x-requested-with' => 'XMLHttpRequest',
  'user-agent' => 'Mozilla/5.0 (Macintosh; Intel Mac OS X 10_11_6) AppleWebKit/537.36 (KHTML, like Gecko) Chrome/68.0.3440.106 Safari/537.36',
  'referer' => 'http://newlc.lc/backend/news/index.html',
  'accept-encoding' => 'gzip, deflate',
  'accept-language' => 'zh-CN,zh;q=0.9,en;q=0.8',
  'cookie' => 'PHPSESSID=28d3ddaf02357d5db434befbb2bd1959',
)
[ info ] [ PARAM ] array (
  'page' => '1',
  'limit' => '15',
)
[ info ] [ LANG ] /Users/modou/Works/web/newlc/public/../application/backend/lang/zh-cn.php
[ info ] [ SESSION ] INIT array (
  'id' => '',
  'var_session_id' => '',
  'prefix' => 'think',
  'type' => '',
  'auto_start' => true,
  'expire' => '86400',
)
[ info ] [ CACHE ] INIT File
[ info ] [ DB ] INIT mysql
[ info ] [ RUN ] app\backend\controller\News->getData[ /Users/modou/Works/web/newlc/application/backend/controller/News.php ]
[ info ] [ LOG ] INIT File
[ sql ] [ DB ] CONNECT:[ UseTime:0.000371s ] mysql:host=localhost;port=3306;dbname=new;charset=utf8
[ sql ] [ SQL ] SHOW COLUMNS FROM `n_auth_rule` [ RunTime:0.005365s ]
[ sql ] [ SQL ] SELECT * FROM `n_auth_rule` WHERE  `name` = 'backend/News/getdata' LIMIT 1 [ RunTime:0.000538s ]
[ sql ] [ SQL ] SHOW COLUMNS FROM `n_news` [ RunTime:0.006686s ]
[ sql ] [ SQL ] SELECT `t`.*,`t1`.`name`,`t2`.`real_name` FROM `n_news` `t` LEFT JOIN `n_news_cate` `t1` ON `t`.`cate_id`=`t1`.`id` LEFT JOIN `n_admin_user` `t2` ON `t`.`auid`=`t2`.`id` ORDER BY t.status desc,t.ord desc,t.id desc LIMIT 0,15 [ RunTime:0.001860s ]
[ sql ] [ SQL ] SELECT COUNT(*) AS tp_count FROM `n_news` `t` LEFT JOIN `n_news_cate` `t1` ON `t`.`cate_id`=`t1`.`id` LIMIT 1 [ RunTime:0.000425s ]
---------------------------------------------------------------
[ 2018-09-04T10:10:23+08:00 ] ::1 ::1 GET /uploads/news/20180823/14cf8b568ca91d5407360bdfe26046f8.jpg
[ info ] newlc.lc/uploads/news/20180823/14cf8b568ca91d5407360bdfe26046f8.jpg [运行时间：0.064219s][吞吐率：15.57req/s] [内存消耗：2,369.81kb] [文件加载：39]
[ info ] [ LANG ] /Users/modou/Works/web/newlc/thinkphp/lang/zh-cn.php
[ info ] [ ROUTE ] array (
  'type' => 'module',
  'module' => 
  array (
    0 => 'uploads',
    1 => 'news',
    2 => '20180823',
  ),
)
[ info ] [ HEADER ] array (
  'host' => 'newlc.lc',
  'connection' => 'keep-alive',
  'user-agent' => 'Mozilla/5.0 (Macintosh; Intel Mac OS X 10_11_6) AppleWebKit/537.36 (KHTML, like Gecko) Chrome/68.0.3440.106 Safari/537.36',
  'accept' => 'image/webp,image/apng,image/*,*/*;q=0.8',
  'referer' => 'http://newlc.lc/backend/news/index.html',
  'accept-encoding' => 'gzip, deflate',
  'accept-language' => 'zh-CN,zh;q=0.9,en;q=0.8',
  'cookie' => 'PHPSESSID=28d3ddaf02357d5db434befbb2bd1959',
)
[ info ] [ PARAM ] array (
)
[ info ] [ LOG ] INIT File
---------------------------------------------------------------
[ 2018-09-04T10:10:26+08:00 ] ::1 ::1 GET /backend/news/cateindex.html
[ info ] newlc.lc/backend/news/cateindex.html [运行时间：0.164440s][吞吐率：6.08req/s] [内存消耗：5,432.19kb] [文件加载：68]
[ info ] [ LANG ] /Users/modou/Works/web/newlc/thinkphp/lang/zh-cn.php
[ info ] [ ROUTE ] array (
  'type' => 'module',
  'module' => 
  array (
    0 => 'backend',
    1 => 'news',
    2 => 'cateindex',
  ),
)
[ info ] [ HEADER ] array (
  'host' => 'newlc.lc',
  'connection' => 'keep-alive',
  'upgrade-insecure-requests' => '1',
  'user-agent' => 'Mozilla/5.0 (Macintosh; Intel Mac OS X 10_11_6) AppleWebKit/537.36 (KHTML, like Gecko) Chrome/68.0.3440.106 Safari/537.36',
  'accept' => 'text/html,application/xhtml+xml,application/xml;q=0.9,image/webp,image/apng,*/*;q=0.8',
  'referer' => 'http://newlc.lc/backend/index/index',
  'accept-encoding' => 'gzip, deflate',
  'accept-language' => 'zh-CN,zh;q=0.9,en;q=0.8',
  'cookie' => 'PHPSESSID=28d3ddaf02357d5db434befbb2bd1959',
)
[ info ] [ PARAM ] array (
)
[ info ] [ LANG ] /Users/modou/Works/web/newlc/public/../application/backend/lang/zh-cn.php
[ info ] [ SESSION ] INIT array (
  'id' => '',
  'var_session_id' => '',
  'prefix' => 'think',
  'type' => '',
  'auto_start' => true,
  'expire' => '86400',
)
[ info ] [ CACHE ] INIT File
[ info ] [ DB ] INIT mysql
[ info ] [ RUN ] app\backend\controller\News->cateIndex[ /Users/modou/Works/web/newlc/application/backend/controller/News.php ]
[ info ] [ VIEW ] /Users/modou/Works/web/newlc/public/../application/backend/view/news/cateindex.html [ array (
  0 => 'config',
  1 => 'data',
) ]
[ info ] [ LOG ] INIT File
[ sql ] [ DB ] CONNECT:[ UseTime:0.000489s ] mysql:host=localhost;port=3306;dbname=new;charset=utf8
[ sql ] [ SQL ] SHOW COLUMNS FROM `n_auth_rule` [ RunTime:0.006275s ]
[ sql ] [ SQL ] SELECT * FROM `n_auth_rule` WHERE  `name` = 'backend/News/cateindex' LIMIT 1 [ RunTime:0.000664s ]
[ sql ] [ SQL ] SHOW COLUMNS FROM `n_news_cate` [ RunTime:0.005736s ]
[ sql ] [ SQL ] SELECT COUNT(*) AS tp_count FROM `n_news_cate` WHERE  (  1=1 ) LIMIT 1 [ RunTime:0.000324s ]
[ sql ] [ SQL ] SELECT * FROM `n_news_cate` WHERE  (  1=1 ) ORDER BY status desc,ord desc,id desc LIMIT 0,15 [ RunTime:0.000434s ]
[ sql ] [ SQL ] SHOW COLUMNS FROM `n_auth_group` [ RunTime:0.005338s ]
[ sql ] [ SQL ] SELECT `group_name`,`rules` FROM `n_auth_group` WHERE  `id` = 1 LIMIT 1 [ RunTime:0.000551s ]
[ sql ] [ SQL ] SHOW COLUMNS FROM `n_admin_user` [ RunTime:0.004071s ]
[ sql ] [ SQL ] SELECT `real_name` FROM `n_admin_user` WHERE  `id` = 1 LIMIT 1 [ RunTime:0.000374s ]
[ sql ] [ SQL ] SELECT `group_name`,`rules` FROM `n_auth_group` WHERE  `id` = 1 LIMIT 1 [ RunTime:0.000516s ]
[ sql ] [ SQL ] SELECT `real_name` FROM `n_admin_user` WHERE  `id` = 1 LIMIT 1 [ RunTime:0.001364s ]
[ sql ] [ SQL ] SELECT `group_name`,`rules` FROM `n_auth_group` WHERE  `id` = 1 LIMIT 1 [ RunTime:0.000345s ]
[ sql ] [ SQL ] SELECT `real_name` FROM `n_admin_user` WHERE  `id` = 1 LIMIT 1 [ RunTime:0.000355s ]
[ sql ] [ SQL ] SELECT `group_name`,`rules` FROM `n_auth_group` WHERE  `id` = 1 LIMIT 1 [ RunTime:0.000351s ]
[ sql ] [ SQL ] SELECT `real_name` FROM `n_admin_user` WHERE  `id` = 1 LIMIT 1 [ RunTime:0.000392s ]
[ sql ] [ SQL ] SELECT `group_name`,`rules` FROM `n_auth_group` WHERE  `id` = 1 LIMIT 1 [ RunTime:0.000480s ]
[ sql ] [ SQL ] SELECT `real_name` FROM `n_admin_user` WHERE  `id` = 1 LIMIT 1 [ RunTime:0.000940s ]
---------------------------------------------------------------
[ 2018-09-04T10:10:31+08:00 ] ::1 ::1 GET /web/index/index.html
[ info ] newlc.lc/web/index/index.html [运行时间：0.069106s][吞吐率：14.47req/s] [内存消耗：3,256.94kb] [文件加载：51]
[ info ] [ LANG ] /Users/modou/Works/web/newlc/thinkphp/lang/zh-cn.php
[ info ] [ ROUTE ] array (
  'type' => 'module',
  'module' => 
  array (
    0 => 'web',
    1 => 'index',
    2 => 'index',
  ),
)
[ info ] [ HEADER ] array (
  'host' => 'newlc.lc',
  'connection' => 'keep-alive',
  'upgrade-insecure-requests' => '1',
  'user-agent' => 'Mozilla/5.0 (Macintosh; Intel Mac OS X 10_11_6) AppleWebKit/537.36 (KHTML, like Gecko) Chrome/68.0.3440.106 Safari/537.36',
  'accept' => 'text/html,application/xhtml+xml,application/xml;q=0.9,image/webp,image/apng,*/*;q=0.8',
  'referer' => 'http://newlc.lc/backend/index/index',
  'accept-encoding' => 'gzip, deflate',
  'accept-language' => 'zh-CN,zh;q=0.9,en;q=0.8',
  'cookie' => 'PHPSESSID=28d3ddaf02357d5db434befbb2bd1959',
)
[ info ] [ PARAM ] array (
)
[ info ] [ CACHE ] INIT File
[ info ] [ RUN ] app\web\controller\Index->index[ /Users/modou/Works/web/newlc/application/web/controller/Index.php ]
[ info ] [ VIEW ] /Users/modou/Works/web/newlc/public/../application/web/view/index/index.html [ array (
  0 => 'config',
) ]
[ info ] [ LOG ] INIT File
---------------------------------------------------------------
[ 2018-09-04T10:10:32+08:00 ] ::1 ::1 POST /web/index/getdata.html
[ info ] newlc.lc/web/index/getdata.html [运行时间：0.114013s][吞吐率：8.77req/s] [内存消耗：4,709.32kb] [文件加载：57]
[ info ] [ LANG ] /Users/modou/Works/web/newlc/thinkphp/lang/zh-cn.php
[ info ] [ ROUTE ] array (
  'type' => 'module',
  'module' => 
  array (
    0 => 'web',
    1 => 'index',
    2 => 'getdata',
  ),
)
[ info ] [ HEADER ] array (
  'host' => 'newlc.lc',
  'connection' => 'keep-alive',
  'content-length' => '14',
  'accept' => 'application/json, text/javascript, */*; q=0.01',
  'origin' => 'http://newlc.lc',
  'x-requested-with' => 'XMLHttpRequest',
  'user-agent' => 'Mozilla/5.0 (Macintosh; Intel Mac OS X 10_11_6) AppleWebKit/537.36 (KHTML, like Gecko) Chrome/68.0.3440.106 Safari/537.36',
  'content-type' => 'application/x-www-form-urlencoded; charset=UTF-8',
  'referer' => 'http://newlc.lc/web/index/index.html',
  'accept-encoding' => 'gzip, deflate',
  'accept-language' => 'zh-CN,zh;q=0.9,en;q=0.8',
  'cookie' => 'PHPSESSID=28d3ddaf02357d5db434befbb2bd1959',
)
[ info ] [ PARAM ] array (
  'page' => '1',
  'limit' => '2',
)
[ info ] [ CACHE ] INIT File
[ info ] [ RUN ] app\web\controller\Index->getData[ /Users/modou/Works/web/newlc/application/web/controller/Index.php ]
[ info ] [ DB ] INIT mysql
[ info ] [ LOG ] INIT File
[ sql ] [ DB ] CONNECT:[ UseTime:0.000573s ] mysql:host=localhost;port=3306;dbname=new;charset=utf8
[ sql ] [ SQL ] SHOW COLUMNS FROM `n_news` [ RunTime:0.005179s ]
[ sql ] [ SQL ] SELECT `t`.*,`t1`.`name`,`t2`.`real_name` FROM `n_news` `t` LEFT JOIN `n_news_cate` `t1` ON `t`.`cate_id`=`t1`.`id` LEFT JOIN `n_admin_user` `t2` ON `t`.`auid`=`t2`.`id` WHERE  (  1=1 ) ORDER BY t.status desc,t.ord desc,t.id desc LIMIT 0,2 [ RunTime:0.000709s ]
[ sql ] [ SQL ] SELECT COUNT(*) AS tp_count FROM `n_news` `t` LEFT JOIN `n_news_cate` `t1` ON `t`.`cate_id`=`t1`.`id` WHERE  (  1=1 ) LIMIT 1 [ RunTime:0.000468s ]
---------------------------------------------------------------
[ 2018-09-04T10:10:32+08:00 ] ::1 ::1 GET /uploads/news/20180823/14cf8b568ca91d5407360bdfe26046f8.jpg
[ info ] newlc.lc/uploads/news/20180823/14cf8b568ca91d5407360bdfe26046f8.jpg [运行时间：0.054257s][吞吐率：18.43req/s] [内存消耗：2,369.81kb] [文件加载：39]
[ info ] [ LANG ] /Users/modou/Works/web/newlc/thinkphp/lang/zh-cn.php
[ info ] [ ROUTE ] array (
  'type' => 'module',
  'module' => 
  array (
    0 => 'uploads',
    1 => 'news',
    2 => '20180823',
  ),
)
[ info ] [ HEADER ] array (
  'host' => 'newlc.lc',
  'connection' => 'keep-alive',
  'user-agent' => 'Mozilla/5.0 (Macintosh; Intel Mac OS X 10_11_6) AppleWebKit/537.36 (KHTML, like Gecko) Chrome/68.0.3440.106 Safari/537.36',
  'accept' => 'image/webp,image/apng,image/*,*/*;q=0.8',
  'referer' => 'http://newlc.lc/web/index/index.html',
  'accept-encoding' => 'gzip, deflate',
  'accept-language' => 'zh-CN,zh;q=0.9,en;q=0.8',
  'cookie' => 'PHPSESSID=28d3ddaf02357d5db434befbb2bd1959',
)
[ info ] [ PARAM ] array (
)
[ info ] [ LOG ] INIT File
---------------------------------------------------------------
[ 2018-09-04T10:12:04+08:00 ] ::1 ::1 GET /backend/index/index.html
[ info ] newlc.lc/backend/index/index.html [运行时间：0.074645s][吞吐率：13.40req/s] [内存消耗：4,125.38kb] [文件加载：54]
[ info ] [ LANG ] /Users/modou/Works/web/newlc/thinkphp/lang/zh-cn.php
[ info ] [ ROUTE ] array (
  'type' => 'module',
  'module' => 
  array (
    0 => 'backend',
    1 => 'index',
    2 => 'index',
  ),
)
[ info ] [ HEADER ] array (
  'host' => 'newlc.lc',
  'connection' => 'keep-alive',
  'upgrade-insecure-requests' => '1',
  'user-agent' => 'Mozilla/5.0 (Macintosh; Intel Mac OS X 10_11_6) AppleWebKit/537.36 (KHTML, like Gecko) Chrome/68.0.3440.106 Safari/537.36',
  'accept' => 'text/html,application/xhtml+xml,application/xml;q=0.9,image/webp,image/apng,*/*;q=0.8',
  'referer' => 'http://newlc.lc/web/index/index.html',
  'accept-encoding' => 'gzip, deflate',
  'accept-language' => 'zh-CN,zh;q=0.9,en;q=0.8',
  'cookie' => 'PHPSESSID=28d3ddaf02357d5db434befbb2bd1959',
)
[ info ] [ PARAM ] array (
)
[ info ] [ LANG ] /Users/modou/Works/web/newlc/public/../application/backend/lang/zh-cn.php
[ info ] [ SESSION ] INIT array (
  'id' => '',
  'var_session_id' => '',
  'prefix' => 'think',
  'type' => '',
  'auto_start' => true,
  'expire' => '86400',
)
[ info ] [ CACHE ] INIT File
[ info ] [ DB ] INIT mysql
[ info ] [ RUN ] app\backend\controller\Index->index[ /Users/modou/Works/web/newlc/application/backend/controller/Index.php ]
[ info ] [ LOG ] INIT File
[ sql ] [ DB ] CONNECT:[ UseTime:0.000446s ] mysql:host=localhost;port=3306;dbname=new;charset=utf8
[ sql ] [ SQL ] SHOW COLUMNS FROM `n_auth_rule` [ RunTime:0.003912s ]
[ sql ] [ SQL ] SELECT * FROM `n_auth_rule` WHERE  `name` = 'backend/Index/index' LIMIT 1 [ RunTime:0.000437s ]
---------------------------------------------------------------
[ 2018-09-04T10:12:05+08:00 ] ::1 ::1 GET /backend/index/index
[ info ] newlc.lc/backend/index/index [运行时间：0.084005s][吞吐率：11.90req/s] [内存消耗：4,281.82kb] [文件加载：57]
[ info ] [ LANG ] /Users/modou/Works/web/newlc/thinkphp/lang/zh-cn.php
[ info ] [ ROUTE ] array (
  'type' => 'module',
  'module' => 
  array (
    0 => 'backend',
    1 => 'index',
    2 => 'index',
  ),
)
[ info ] [ HEADER ] array (
  'host' => 'newlc.lc',
  'connection' => 'keep-alive',
  'upgrade-insecure-requests' => '1',
  'user-agent' => 'Mozilla/5.0 (Macintosh; Intel Mac OS X 10_11_6) AppleWebKit/537.36 (KHTML, like Gecko) Chrome/68.0.3440.106 Safari/537.36',
  'accept' => 'text/html,application/xhtml+xml,application/xml;q=0.9,image/webp,image/apng,*/*;q=0.8',
  'referer' => 'http://newlc.lc/backend/index/index.html',
  'accept-encoding' => 'gzip, deflate',
  'accept-language' => 'zh-CN,zh;q=0.9,en;q=0.8',
  'cookie' => 'PHPSESSID=28d3ddaf02357d5db434befbb2bd1959',
)
[ info ] [ PARAM ] array (
)
[ info ] [ LANG ] /Users/modou/Works/web/newlc/public/../application/backend/lang/zh-cn.php
[ info ] [ SESSION ] INIT array (
  'id' => '',
  'var_session_id' => '',
  'prefix' => 'think',
  'type' => '',
  'auto_start' => true,
  'expire' => '86400',
)
[ info ] [ CACHE ] INIT File
[ info ] [ DB ] INIT mysql
[ info ] [ RUN ] app\backend\controller\Index->index[ /Users/modou/Works/web/newlc/application/backend/controller/Index.php ]
[ info ] [ VIEW ] /Users/modou/Works/web/newlc/public/../application/backend/view/index/index.html [ array (
  0 => 'config',
  1 => 'navlist',
) ]
[ info ] [ LOG ] INIT File
[ sql ] [ DB ] CONNECT:[ UseTime:0.000335s ] mysql:host=localhost;port=3306;dbname=new;charset=utf8
[ sql ] [ SQL ] SHOW COLUMNS FROM `n_auth_rule` [ RunTime:0.005344s ]
[ sql ] [ SQL ] SELECT * FROM `n_auth_rule` WHERE  `name` = 'backend/Index/index' LIMIT 1 [ RunTime:0.000588s ]
---------------------------------------------------------------
[ 2018-09-04T10:12:05+08:00 ] ::1 ::1 GET /backend/index/home/console.html
[ info ] newlc.lc/backend/index/home/console.html [运行时间：0.127472s][吞吐率：7.84req/s] [内存消耗：4,957.52kb] [文件加载：60]
[ info ] [ LANG ] /Users/modou/Works/web/newlc/thinkphp/lang/zh-cn.php
[ info ] [ ROUTE ] array (
  'type' => 'module',
  'module' => 
  array (
    0 => 'backend',
    1 => 'index',
    2 => 'home',
  ),
)
[ info ] [ HEADER ] array (
  'host' => 'newlc.lc',
  'connection' => 'keep-alive',
  'upgrade-insecure-requests' => '1',
  'user-agent' => 'Mozilla/5.0 (Macintosh; Intel Mac OS X 10_11_6) AppleWebKit/537.36 (KHTML, like Gecko) Chrome/68.0.3440.106 Safari/537.36',
  'accept' => 'text/html,application/xhtml+xml,application/xml;q=0.9,image/webp,image/apng,*/*;q=0.8',
  'referer' => 'http://newlc.lc/backend/index/index',
  'accept-encoding' => 'gzip, deflate',
  'accept-language' => 'zh-CN,zh;q=0.9,en;q=0.8',
  'cookie' => 'PHPSESSID=28d3ddaf02357d5db434befbb2bd1959',
)
[ info ] [ PARAM ] array (
)
[ info ] [ LANG ] /Users/modou/Works/web/newlc/public/../application/backend/lang/zh-cn.php
[ info ] [ SESSION ] INIT array (
  'id' => '',
  'var_session_id' => '',
  'prefix' => 'think',
  'type' => '',
  'auto_start' => true,
  'expire' => '86400',
)
[ info ] [ CACHE ] INIT File
[ info ] [ DB ] INIT mysql
[ info ] [ RUN ] app\backend\controller\Index->home[ /Users/modou/Works/web/newlc/application/backend/controller/Index.php ]
[ info ] [ VIEW ] /Users/modou/Works/web/newlc/public/../application/backend/view/index/home.html [ array (
  0 => 'config',
  1 => 'systemInfo',
  2 => 'info',
  3 => 'data',
) ]
[ info ] [ LOG ] INIT File
[ sql ] [ DB ] CONNECT:[ UseTime:0.000383s ] mysql:host=localhost;port=3306;dbname=new;charset=utf8
[ sql ] [ SQL ] SHOW COLUMNS FROM `n_auth_rule` [ RunTime:0.004358s ]
[ sql ] [ SQL ] SELECT * FROM `n_auth_rule` WHERE  `name` = 'backend/Index/home' LIMIT 1 [ RunTime:0.000515s ]
[ sql ] [ SQL ] SHOW COLUMNS FROM `n_customer` [ RunTime:0.005592s ]
[ sql ] [ SQL ] SELECT count(t.id) as count,`t1`.`name` FROM `n_customer` `t` LEFT JOIN `n_customer_cate` `t1` ON `t`.`cate_id`=`t1`.`id` WHERE  (  1=1 ) GROUP BY `t`.`cate_id` ORDER BY t1.ord desc,t1.id desc [ RunTime:0.000536s ]
[ sql ] [ SQL ] SELECT count(id) as ocount, date_format(FROM_UNIXTIME( `ctime`),'%m月%d日') odate  FROM `n_customer` where   `ctime`>1533435125 and `ctime`<1536076799 group by odate [ RunTime:0.000459s ]
---------------------------------------------------------------
[ 2018-09-04T10:12:05+08:00 ] ::1 ::1 GET /backend/Customer/getData?page=1&limit=10
[ info ] newlc.lc/backend/Customer/getData?page=1&limit=10 [运行时间：0.119004s][吞吐率：8.40req/s] [内存消耗：4,980.19kb] [文件加载：59]
[ info ] [ LANG ] /Users/modou/Works/web/newlc/thinkphp/lang/zh-cn.php
[ info ] [ ROUTE ] array (
  'type' => 'module',
  'module' => 
  array (
    0 => 'backend',
    1 => 'Customer',
    2 => 'getData',
  ),
)
[ info ] [ HEADER ] array (
  'host' => 'newlc.lc',
  'connection' => 'keep-alive',
  'accept' => 'application/json, text/javascript, */*; q=0.01',
  'x-requested-with' => 'XMLHttpRequest',
  'user-agent' => 'Mozilla/5.0 (Macintosh; Intel Mac OS X 10_11_6) AppleWebKit/537.36 (KHTML, like Gecko) Chrome/68.0.3440.106 Safari/537.36',
  'referer' => 'http://newlc.lc/backend/index/home/console.html',
  'accept-encoding' => 'gzip, deflate',
  'accept-language' => 'zh-CN,zh;q=0.9,en;q=0.8',
  'cookie' => 'PHPSESSID=28d3ddaf02357d5db434befbb2bd1959',
)
[ info ] [ PARAM ] array (
  'page' => '1',
  'limit' => '10',
)
[ info ] [ LANG ] /Users/modou/Works/web/newlc/public/../application/backend/lang/zh-cn.php
[ info ] [ SESSION ] INIT array (
  'id' => '',
  'var_session_id' => '',
  'prefix' => 'think',
  'type' => '',
  'auto_start' => true,
  'expire' => '86400',
)
[ info ] [ CACHE ] INIT File
[ info ] [ DB ] INIT mysql
[ info ] [ RUN ] app\backend\controller\Customer->getData[ /Users/modou/Works/web/newlc/application/backend/controller/Customer.php ]
[ info ] [ LOG ] INIT File
[ sql ] [ DB ] CONNECT:[ UseTime:0.000300s ] mysql:host=localhost;port=3306;dbname=new;charset=utf8
[ sql ] [ SQL ] SHOW COLUMNS FROM `n_auth_rule` [ RunTime:0.003876s ]
[ sql ] [ SQL ] SELECT * FROM `n_auth_rule` WHERE  `name` = 'backend/Customer/getdata' LIMIT 1 [ RunTime:0.000561s ]
[ sql ] [ SQL ] SHOW COLUMNS FROM `n_customer` [ RunTime:0.005088s ]
[ sql ] [ SQL ] SELECT `t`.*,t1.name as cate_name,t2.name as from_name,`t3`.`real_name`,`t4`.`group_name` FROM `n_customer` `t` LEFT JOIN `n_customer_cate` `t1` ON `t`.`cate_id`=`t1`.`id` LEFT JOIN `n_customer_from` `t2` ON `t`.`from`=`t2`.`id` LEFT JOIN `n_admin_user` `t3` ON `t`.`auid`=`t3`.`id` LEFT JOIN `n_auth_group` `t4` ON `t`.`group_id`=`t4`.`id` ORDER BY t.status desc,t.ord desc,t.id desc LIMIT 0,10 [ RunTime:0.002583s ]
[ sql ] [ SQL ] SELECT COUNT(*) AS tp_count FROM `n_customer` `t` LEFT JOIN `n_customer_cate` `t1` ON `t`.`cate_id`=`t1`.`id` LEFT JOIN `n_customer_from` `t2` ON `t`.`from`=`t2`.`id` LIMIT 1 [ RunTime:0.000750s ]
---------------------------------------------------------------
[ 2018-09-04T10:12:25+08:00 ] ::1 ::1 GET /backend/rule/grouplist.html
[ info ] newlc.lc/backend/rule/grouplist.html [运行时间：0.101572s][吞吐率：9.85req/s] [内存消耗：5,080.96kb] [文件加载：63]
[ info ] [ LANG ] /Users/modou/Works/web/newlc/thinkphp/lang/zh-cn.php
[ info ] [ ROUTE ] array (
  'type' => 'module',
  'module' => 
  array (
    0 => 'backend',
    1 => 'rule',
    2 => 'grouplist',
  ),
)
[ info ] [ HEADER ] array (
  'host' => 'newlc.lc',
  'connection' => 'keep-alive',
  'upgrade-insecure-requests' => '1',
  'user-agent' => 'Mozilla/5.0 (Macintosh; Intel Mac OS X 10_11_6) AppleWebKit/537.36 (KHTML, like Gecko) Chrome/68.0.3440.106 Safari/537.36',
  'accept' => 'text/html,application/xhtml+xml,application/xml;q=0.9,image/webp,image/apng,*/*;q=0.8',
  'referer' => 'http://newlc.lc/backend/index/index',
  'accept-encoding' => 'gzip, deflate',
  'accept-language' => 'zh-CN,zh;q=0.9,en;q=0.8',
  'cookie' => 'PHPSESSID=28d3ddaf02357d5db434befbb2bd1959',
)
[ info ] [ PARAM ] array (
)
[ info ] [ LANG ] /Users/modou/Works/web/newlc/public/../application/backend/lang/zh-cn.php
[ info ] [ SESSION ] INIT array (
  'id' => '',
  'var_session_id' => '',
  'prefix' => 'think',
  'type' => '',
  'auto_start' => true,
  'expire' => '86400',
)
[ info ] [ CACHE ] INIT File
[ info ] [ DB ] INIT mysql
[ info ] [ RUN ] app\backend\controller\Rule->groupList[ /Users/modou/Works/web/newlc/application/backend/controller/Rule.php ]
[ info ] [ VIEW ] /Users/modou/Works/web/newlc/public/../application/backend/view/rule/grouplist.html [ array (
  0 => 'config',
  1 => 'data',
) ]
[ info ] [ LOG ] INIT File
[ sql ] [ DB ] CONNECT:[ UseTime:0.000411s ] mysql:host=localhost;port=3306;dbname=new;charset=utf8
[ sql ] [ SQL ] SHOW COLUMNS FROM `n_auth_rule` [ RunTime:0.005233s ]
[ sql ] [ SQL ] SELECT * FROM `n_auth_rule` WHERE  `name` = 'backend/Rule/grouplist' LIMIT 1 [ RunTime:0.000524s ]
[ sql ] [ SQL ] SHOW COLUMNS FROM `n_auth_group` [ RunTime:0.004842s ]
[ sql ] [ SQL ] SELECT COUNT(*) AS tp_count FROM `n_auth_group` WHERE  (  1=1 ) LIMIT 1 [ RunTime:0.000418s ]
[ sql ] [ SQL ] SELECT * FROM `n_auth_group` WHERE  (  1=1 ) ORDER BY status desc,id desc LIMIT 0,15 [ RunTime:0.000684s ]
---------------------------------------------------------------
[ 2018-09-04T10:12:29+08:00 ] ::1 ::1 GET /backend/customer/index.html
[ info ] newlc.lc/backend/customer/index.html [运行时间：0.111072s][吞吐率：9.00req/s] [内存消耗：5,141.52kb] [文件加载：62]
[ info ] [ LANG ] /Users/modou/Works/web/newlc/thinkphp/lang/zh-cn.php
[ info ] [ ROUTE ] array (
  'type' => 'module',
  'module' => 
  array (
    0 => 'backend',
    1 => 'customer',
    2 => 'index',
  ),
)
[ info ] [ HEADER ] array (
  'host' => 'newlc.lc',
  'connection' => 'keep-alive',
  'upgrade-insecure-requests' => '1',
  'user-agent' => 'Mozilla/5.0 (Macintosh; Intel Mac OS X 10_11_6) AppleWebKit/537.36 (KHTML, like Gecko) Chrome/68.0.3440.106 Safari/537.36',
  'accept' => 'text/html,application/xhtml+xml,application/xml;q=0.9,image/webp,image/apng,*/*;q=0.8',
  'referer' => 'http://newlc.lc/backend/index/index',
  'accept-encoding' => 'gzip, deflate',
  'accept-language' => 'zh-CN,zh;q=0.9,en;q=0.8',
  'cookie' => 'PHPSESSID=28d3ddaf02357d5db434befbb2bd1959',
)
[ info ] [ PARAM ] array (
)
[ info ] [ LANG ] /Users/modou/Works/web/newlc/public/../application/backend/lang/zh-cn.php
[ info ] [ SESSION ] INIT array (
  'id' => '',
  'var_session_id' => '',
  'prefix' => 'think',
  'type' => '',
  'auto_start' => true,
  'expire' => '86400',
)
[ info ] [ CACHE ] INIT File
[ info ] [ DB ] INIT mysql
[ info ] [ RUN ] app\backend\controller\Customer->index[ /Users/modou/Works/web/newlc/application/backend/controller/Customer.php ]
[ info ] [ VIEW ] /Users/modou/Works/web/newlc/public/../application/backend/view/customer/index.html [ array (
  0 => 'config',
  1 => 'data',
) ]
[ info ] [ LOG ] INIT File
[ sql ] [ DB ] CONNECT:[ UseTime:0.000375s ] mysql:host=localhost;port=3306;dbname=new;charset=utf8
[ sql ] [ SQL ] SHOW COLUMNS FROM `n_auth_rule` [ RunTime:0.004106s ]
[ sql ] [ SQL ] SELECT * FROM `n_auth_rule` WHERE  `name` = 'backend/Customer/index' LIMIT 1 [ RunTime:0.000461s ]
[ sql ] [ SQL ] SHOW COLUMNS FROM `n_customer_cate` [ RunTime:0.004830s ]
[ sql ] [ SQL ] SELECT * FROM `n_customer_cate` WHERE  `status` = 1 ORDER BY status desc,ord desc,id desc [ RunTime:0.000535s ]
[ sql ] [ SQL ] SHOW COLUMNS FROM `n_customer_from` [ RunTime:0.005722s ]
[ sql ] [ SQL ] SELECT * FROM `n_customer_from` WHERE  `status` = 1 ORDER BY status desc,ord desc,id desc [ RunTime:0.000594s ]
[ sql ] [ SQL ] SHOW COLUMNS FROM `n_admin_user` [ RunTime:0.004885s ]
[ sql ] [ SQL ] SELECT * FROM `n_admin_user` [ RunTime:0.000379s ]
---------------------------------------------------------------
[ 2018-09-04T10:12:29+08:00 ] ::1 ::1 GET /backend/customer/getdata.html?page=1&limit=15
[ info ] newlc.lc/backend/customer/getdata.html?page=1&limit=15 [运行时间：0.109615s][吞吐率：9.12req/s] [内存消耗：4,980.17kb] [文件加载：59]
[ info ] [ LANG ] /Users/modou/Works/web/newlc/thinkphp/lang/zh-cn.php
[ info ] [ ROUTE ] array (
  'type' => 'module',
  'module' => 
  array (
    0 => 'backend',
    1 => 'customer',
    2 => 'getdata',
  ),
)
[ info ] [ HEADER ] array (
  'host' => 'newlc.lc',
  'connection' => 'keep-alive',
  'accept' => 'application/json, text/javascript, */*; q=0.01',
  'x-requested-with' => 'XMLHttpRequest',
  'user-agent' => 'Mozilla/5.0 (Macintosh; Intel Mac OS X 10_11_6) AppleWebKit/537.36 (KHTML, like Gecko) Chrome/68.0.3440.106 Safari/537.36',
  'referer' => 'http://newlc.lc/backend/customer/index.html',
  'accept-encoding' => 'gzip, deflate',
  'accept-language' => 'zh-CN,zh;q=0.9,en;q=0.8',
  'cookie' => 'PHPSESSID=28d3ddaf02357d5db434befbb2bd1959',
)
[ info ] [ PARAM ] array (
  'page' => '1',
  'limit' => '15',
)
[ info ] [ LANG ] /Users/modou/Works/web/newlc/public/../application/backend/lang/zh-cn.php
[ info ] [ SESSION ] INIT array (
  'id' => '',
  'var_session_id' => '',
  'prefix' => 'think',
  'type' => '',
  'auto_start' => true,
  'expire' => '86400',
)
[ info ] [ CACHE ] INIT File
[ info ] [ DB ] INIT mysql
[ info ] [ RUN ] app\backend\controller\Customer->getData[ /Users/modou/Works/web/newlc/application/backend/controller/Customer.php ]
[ info ] [ LOG ] INIT File
[ sql ] [ DB ] CONNECT:[ UseTime:0.000443s ] mysql:host=localhost;port=3306;dbname=new;charset=utf8
[ sql ] [ SQL ] SHOW COLUMNS FROM `n_auth_rule` [ RunTime:0.004403s ]
[ sql ] [ SQL ] SELECT * FROM `n_auth_rule` WHERE  `name` = 'backend/Customer/getdata' LIMIT 1 [ RunTime:0.000449s ]
[ sql ] [ SQL ] SHOW COLUMNS FROM `n_customer` [ RunTime:0.005254s ]
[ sql ] [ SQL ] SELECT `t`.*,t1.name as cate_name,t2.name as from_name,`t3`.`real_name`,`t4`.`group_name` FROM `n_customer` `t` LEFT JOIN `n_customer_cate` `t1` ON `t`.`cate_id`=`t1`.`id` LEFT JOIN `n_customer_from` `t2` ON `t`.`from`=`t2`.`id` LEFT JOIN `n_admin_user` `t3` ON `t`.`auid`=`t3`.`id` LEFT JOIN `n_auth_group` `t4` ON `t`.`group_id`=`t4`.`id` ORDER BY t.status desc,t.ord desc,t.id desc LIMIT 0,15 [ RunTime:0.000891s ]
[ sql ] [ SQL ] SELECT COUNT(*) AS tp_count FROM `n_customer` `t` LEFT JOIN `n_customer_cate` `t1` ON `t`.`cate_id`=`t1`.`id` LEFT JOIN `n_customer_from` `t2` ON `t`.`from`=`t2`.`id` LIMIT 1 [ RunTime:0.000654s ]
---------------------------------------------------------------
[ 2018-09-04T10:12:30+08:00 ] ::1 ::1 GET /backend/news/index.html
[ info ] newlc.lc/backend/news/index.html [运行时间：0.104232s][吞吐率：9.59req/s] [内存消耗：5,018.93kb] [文件加载：61]
[ info ] [ LANG ] /Users/modou/Works/web/newlc/thinkphp/lang/zh-cn.php
[ info ] [ ROUTE ] array (
  'type' => 'module',
  'module' => 
  array (
    0 => 'backend',
    1 => 'news',
    2 => 'index',
  ),
)
[ info ] [ HEADER ] array (
  'host' => 'newlc.lc',
  'connection' => 'keep-alive',
  'upgrade-insecure-requests' => '1',
  'user-agent' => 'Mozilla/5.0 (Macintosh; Intel Mac OS X 10_11_6) AppleWebKit/537.36 (KHTML, like Gecko) Chrome/68.0.3440.106 Safari/537.36',
  'accept' => 'text/html,application/xhtml+xml,application/xml;q=0.9,image/webp,image/apng,*/*;q=0.8',
  'referer' => 'http://newlc.lc/backend/index/index',
  'accept-encoding' => 'gzip, deflate',
  'accept-language' => 'zh-CN,zh;q=0.9,en;q=0.8',
  'cookie' => 'PHPSESSID=28d3ddaf02357d5db434befbb2bd1959',
)
[ info ] [ PARAM ] array (
)
[ info ] [ LANG ] /Users/modou/Works/web/newlc/public/../application/backend/lang/zh-cn.php
[ info ] [ SESSION ] INIT array (
  'id' => '',
  'var_session_id' => '',
  'prefix' => 'think',
  'type' => '',
  'auto_start' => true,
  'expire' => '86400',
)
[ info ] [ CACHE ] INIT File
[ info ] [ DB ] INIT mysql
[ info ] [ RUN ] app\backend\controller\News->index[ /Users/modou/Works/web/newlc/application/backend/controller/News.php ]
[ info ] [ VIEW ] /Users/modou/Works/web/newlc/public/../application/backend/view/news/index.html [ array (
  0 => 'config',
  1 => 'data',
) ]
[ info ] [ LOG ] INIT File
[ sql ] [ DB ] CONNECT:[ UseTime:0.000375s ] mysql:host=localhost;port=3306;dbname=new;charset=utf8
[ sql ] [ SQL ] SHOW COLUMNS FROM `n_auth_rule` [ RunTime:0.003665s ]
[ sql ] [ SQL ] SELECT * FROM `n_auth_rule` WHERE  `name` = 'backend/News/index' LIMIT 1 [ RunTime:0.000495s ]
[ sql ] [ SQL ] SHOW COLUMNS FROM `n_news_cate` [ RunTime:0.004662s ]
[ sql ] [ SQL ] SELECT * FROM `n_news_cate` WHERE  `status` = 1 ORDER BY status desc,ord desc,id desc [ RunTime:0.000508s ]
[ sql ] [ SQL ] SHOW COLUMNS FROM `n_admin_user` [ RunTime:0.005300s ]
[ sql ] [ SQL ] SELECT * FROM `n_admin_user` [ RunTime:0.000509s ]
---------------------------------------------------------------
[ 2018-09-04T10:12:30+08:00 ] ::1 ::1 GET /backend/news/getdata.html?page=1&limit=15
[ info ] newlc.lc/backend/news/getdata.html?page=1&limit=15 [运行时间：0.097688s][吞吐率：10.24req/s] [内存消耗：4,848.38kb] [文件加载：59]
[ info ] [ LANG ] /Users/modou/Works/web/newlc/thinkphp/lang/zh-cn.php
[ info ] [ ROUTE ] array (
  'type' => 'module',
  'module' => 
  array (
    0 => 'backend',
    1 => 'news',
    2 => 'getdata',
  ),
)
[ info ] [ HEADER ] array (
  'host' => 'newlc.lc',
  'connection' => 'keep-alive',
  'accept' => 'application/json, text/javascript, */*; q=0.01',
  'x-requested-with' => 'XMLHttpRequest',
  'user-agent' => 'Mozilla/5.0 (Macintosh; Intel Mac OS X 10_11_6) AppleWebKit/537.36 (KHTML, like Gecko) Chrome/68.0.3440.106 Safari/537.36',
  'referer' => 'http://newlc.lc/backend/news/index.html',
  'accept-encoding' => 'gzip, deflate',
  'accept-language' => 'zh-CN,zh;q=0.9,en;q=0.8',
  'cookie' => 'PHPSESSID=28d3ddaf02357d5db434befbb2bd1959',
)
[ info ] [ PARAM ] array (
  'page' => '1',
  'limit' => '15',
)
[ info ] [ LANG ] /Users/modou/Works/web/newlc/public/../application/backend/lang/zh-cn.php
[ info ] [ SESSION ] INIT array (
  'id' => '',
  'var_session_id' => '',
  'prefix' => 'think',
  'type' => '',
  'auto_start' => true,
  'expire' => '86400',
)
[ info ] [ CACHE ] INIT File
[ info ] [ DB ] INIT mysql
[ info ] [ RUN ] app\backend\controller\News->getData[ /Users/modou/Works/web/newlc/application/backend/controller/News.php ]
[ info ] [ LOG ] INIT File
[ sql ] [ DB ] CONNECT:[ UseTime:0.000370s ] mysql:host=localhost;port=3306;dbname=new;charset=utf8
[ sql ] [ SQL ] SHOW COLUMNS FROM `n_auth_rule` [ RunTime:0.004776s ]
[ sql ] [ SQL ] SELECT * FROM `n_auth_rule` WHERE  `name` = 'backend/News/getdata' LIMIT 1 [ RunTime:0.000447s ]
[ sql ] [ SQL ] SHOW COLUMNS FROM `n_news` [ RunTime:0.005676s ]
[ sql ] [ SQL ] SELECT `t`.*,`t1`.`name`,`t2`.`real_name` FROM `n_news` `t` LEFT JOIN `n_news_cate` `t1` ON `t`.`cate_id`=`t1`.`id` LEFT JOIN `n_admin_user` `t2` ON `t`.`auid`=`t2`.`id` ORDER BY t.status desc,t.ord desc,t.id desc LIMIT 0,15 [ RunTime:0.000876s ]
[ sql ] [ SQL ] SELECT COUNT(*) AS tp_count FROM `n_news` `t` LEFT JOIN `n_news_cate` `t1` ON `t`.`cate_id`=`t1`.`id` LIMIT 1 [ RunTime:0.000510s ]
---------------------------------------------------------------
[ 2018-09-04T10:12:30+08:00 ] ::1 ::1 GET /uploads/news/20180823/14cf8b568ca91d5407360bdfe26046f8.jpg
[ info ] newlc.lc/uploads/news/20180823/14cf8b568ca91d5407360bdfe26046f8.jpg [运行时间：0.048662s][吞吐率：20.55req/s] [内存消耗：2,369.69kb] [文件加载：39]
[ info ] [ LANG ] /Users/modou/Works/web/newlc/thinkphp/lang/zh-cn.php
[ info ] [ ROUTE ] array (
  'type' => 'module',
  'module' => 
  array (
    0 => 'uploads',
    1 => 'news',
    2 => '20180823',
  ),
)
[ info ] [ HEADER ] array (
  'host' => 'newlc.lc',
  'connection' => 'keep-alive',
  'user-agent' => 'Mozilla/5.0 (Macintosh; Intel Mac OS X 10_11_6) AppleWebKit/537.36 (KHTML, like Gecko) Chrome/68.0.3440.106 Safari/537.36',
  'accept' => 'image/webp,image/apng,image/*,*/*;q=0.8',
  'referer' => 'http://newlc.lc/backend/news/index.html',
  'accept-encoding' => 'gzip, deflate',
  'accept-language' => 'zh-CN,zh;q=0.9,en;q=0.8',
  'cookie' => 'PHPSESSID=28d3ddaf02357d5db434befbb2bd1959',
)
[ info ] [ PARAM ] array (
)
[ info ] [ LOG ] INIT File
---------------------------------------------------------------
[ 2018-09-04T10:12:58+08:00 ] ::1 ::1 GET /backend/news/getdata.html?page=1&limit=90
[ info ] newlc.lc/backend/news/getdata.html?page=1&limit=90 [运行时间：0.108133s][吞吐率：9.25req/s] [内存消耗：4,848.32kb] [文件加载：59]
[ info ] [ LANG ] /Users/modou/Works/web/newlc/thinkphp/lang/zh-cn.php
[ info ] [ ROUTE ] array (
  'type' => 'module',
  'module' => 
  array (
    0 => 'backend',
    1 => 'news',
    2 => 'getdata',
  ),
)
[ info ] [ HEADER ] array (
  'host' => 'newlc.lc',
  'connection' => 'keep-alive',
  'accept' => 'application/json, text/javascript, */*; q=0.01',
  'x-requested-with' => 'XMLHttpRequest',
  'user-agent' => 'Mozilla/5.0 (Macintosh; Intel Mac OS X 10_11_6) AppleWebKit/537.36 (KHTML, like Gecko) Chrome/68.0.3440.106 Safari/537.36',
  'referer' => 'http://newlc.lc/backend/news/index.html',
  'accept-encoding' => 'gzip, deflate',
  'accept-language' => 'zh-CN,zh;q=0.9,en;q=0.8',
  'cookie' => 'PHPSESSID=28d3ddaf02357d5db434befbb2bd1959',
)
[ info ] [ PARAM ] array (
  'page' => '1',
  'limit' => '90',
)
[ info ] [ LANG ] /Users/modou/Works/web/newlc/public/../application/backend/lang/zh-cn.php
[ info ] [ SESSION ] INIT array (
  'id' => '',
  'var_session_id' => '',
  'prefix' => 'think',
  'type' => '',
  'auto_start' => true,
  'expire' => '86400',
)
[ info ] [ CACHE ] INIT File
[ info ] [ DB ] INIT mysql
[ info ] [ RUN ] app\backend\controller\News->getData[ /Users/modou/Works/web/newlc/application/backend/controller/News.php ]
[ info ] [ LOG ] INIT File
[ sql ] [ DB ] CONNECT:[ UseTime:0.000436s ] mysql:host=localhost;port=3306;dbname=new;charset=utf8
[ sql ] [ SQL ] SHOW COLUMNS FROM `n_auth_rule` [ RunTime:0.004136s ]
[ sql ] [ SQL ] SELECT * FROM `n_auth_rule` WHERE  `name` = 'backend/News/getdata' LIMIT 1 [ RunTime:0.000538s ]
[ sql ] [ SQL ] SHOW COLUMNS FROM `n_news` [ RunTime:0.005061s ]
[ sql ] [ SQL ] SELECT `t`.*,`t1`.`name`,`t2`.`real_name` FROM `n_news` `t` LEFT JOIN `n_news_cate` `t1` ON `t`.`cate_id`=`t1`.`id` LEFT JOIN `n_admin_user` `t2` ON `t`.`auid`=`t2`.`id` ORDER BY t.status desc,t.ord desc,t.id desc LIMIT 0,90 [ RunTime:0.000991s ]
[ sql ] [ SQL ] SELECT COUNT(*) AS tp_count FROM `n_news` `t` LEFT JOIN `n_news_cate` `t1` ON `t`.`cate_id`=`t1`.`id` LIMIT 1 [ RunTime:0.000347s ]
---------------------------------------------------------------
[ 2018-09-04T10:12:59+08:00 ] ::1 ::1 GET /uploads/news/20180823/14cf8b568ca91d5407360bdfe26046f8.jpg
[ info ] newlc.lc/uploads/news/20180823/14cf8b568ca91d5407360bdfe26046f8.jpg [运行时间：0.261590s][吞吐率：3.82req/s] [内存消耗：2,369.81kb] [文件加载：39]
[ info ] [ LANG ] /Users/modou/Works/web/newlc/thinkphp/lang/zh-cn.php
[ info ] [ ROUTE ] array (
  'type' => 'module',
  'module' => 
  array (
    0 => 'uploads',
    1 => 'news',
    2 => '20180823',
  ),
)
[ info ] [ HEADER ] array (
  'host' => 'newlc.lc',
  'connection' => 'keep-alive',
  'user-agent' => 'Mozilla/5.0 (Macintosh; Intel Mac OS X 10_11_6) AppleWebKit/537.36 (KHTML, like Gecko) Chrome/68.0.3440.106 Safari/537.36',
  'accept' => 'image/webp,image/apng,image/*,*/*;q=0.8',
  'referer' => 'http://newlc.lc/backend/news/index.html',
  'accept-encoding' => 'gzip, deflate',
  'accept-language' => 'zh-CN,zh;q=0.9,en;q=0.8',
  'cookie' => 'PHPSESSID=28d3ddaf02357d5db434befbb2bd1959',
)
[ info ] [ PARAM ] array (
)
[ info ] [ LOG ] INIT File
---------------------------------------------------------------
[ 2018-09-04T10:13:08+08:00 ] ::1 ::1 GET /uploads/news/20180823/14cf8b568ca91d5407360bdfe26046f8.jpg
[ info ] newlc.lc/uploads/news/20180823/14cf8b568ca91d5407360bdfe26046f8.jpg [运行时间：0.042720s][吞吐率：23.41req/s] [内存消耗：2,369.63kb] [文件加载：39]
[ info ] [ LANG ] /Users/modou/Works/web/newlc/thinkphp/lang/zh-cn.php
[ info ] [ ROUTE ] array (
  'type' => 'module',
  'module' => 
  array (
    0 => 'uploads',
    1 => 'news',
    2 => '20180823',
  ),
)
[ info ] [ HEADER ] array (
  'host' => 'newlc.lc',
  'connection' => 'keep-alive',
  'user-agent' => 'Mozilla/5.0 (Macintosh; Intel Mac OS X 10_11_6) AppleWebKit/537.36 (KHTML, like Gecko) Chrome/68.0.3440.106 Safari/537.36',
  'accept' => 'image/webp,image/apng,image/*,*/*;q=0.8',
  'referer' => 'http://newlc.lc/backend/news/index.html',
  'accept-encoding' => 'gzip, deflate',
  'accept-language' => 'zh-CN,zh;q=0.9,en;q=0.8',
  'cookie' => 'PHPSESSID=28d3ddaf02357d5db434befbb2bd1959',
)
[ info ] [ PARAM ] array (
)
[ info ] [ LOG ] INIT File
---------------------------------------------------------------
[ 2018-09-04T10:13:11+08:00 ] ::1 ::1 GET /uploads/news/20180823/14cf8b568ca91d5407360bdfe26046f8.jpg
[ info ] newlc.lc/uploads/news/20180823/14cf8b568ca91d5407360bdfe26046f8.jpg [运行时间：0.043502s][吞吐率：22.99req/s] [内存消耗：2,369.81kb] [文件加载：39]
[ info ] [ LANG ] /Users/modou/Works/web/newlc/thinkphp/lang/zh-cn.php
[ info ] [ ROUTE ] array (
  'type' => 'module',
  'module' => 
  array (
    0 => 'uploads',
    1 => 'news',
    2 => '20180823',
  ),
)
[ info ] [ HEADER ] array (
  'host' => 'newlc.lc',
  'connection' => 'keep-alive',
  'user-agent' => 'Mozilla/5.0 (Macintosh; Intel Mac OS X 10_11_6) AppleWebKit/537.36 (KHTML, like Gecko) Chrome/68.0.3440.106 Safari/537.36',
  'accept' => 'image/webp,image/apng,image/*,*/*;q=0.8',
  'referer' => 'http://newlc.lc/backend/news/index.html',
  'accept-encoding' => 'gzip, deflate',
  'accept-language' => 'zh-CN,zh;q=0.9,en;q=0.8',
  'cookie' => 'PHPSESSID=28d3ddaf02357d5db434befbb2bd1959',
)
[ info ] [ PARAM ] array (
)
[ info ] [ LOG ] INIT File
---------------------------------------------------------------
[ 2018-09-04T10:13:12+08:00 ] ::1 ::1 GET /uploads/news/20180823/14cf8b568ca91d5407360bdfe26046f8.jpg
[ info ] newlc.lc/uploads/news/20180823/14cf8b568ca91d5407360bdfe26046f8.jpg [运行时间：0.040990s][吞吐率：24.40req/s] [内存消耗：2,369.81kb] [文件加载：39]
[ info ] [ LANG ] /Users/modou/Works/web/newlc/thinkphp/lang/zh-cn.php
[ info ] [ ROUTE ] array (
  'type' => 'module',
  'module' => 
  array (
    0 => 'uploads',
    1 => 'news',
    2 => '20180823',
  ),
)
[ info ] [ HEADER ] array (
  'host' => 'newlc.lc',
  'connection' => 'keep-alive',
  'user-agent' => 'Mozilla/5.0 (Macintosh; Intel Mac OS X 10_11_6) AppleWebKit/537.36 (KHTML, like Gecko) Chrome/68.0.3440.106 Safari/537.36',
  'accept' => 'image/webp,image/apng,image/*,*/*;q=0.8',
  'referer' => 'http://newlc.lc/backend/news/index.html',
  'accept-encoding' => 'gzip, deflate',
  'accept-language' => 'zh-CN,zh;q=0.9,en;q=0.8',
  'cookie' => 'PHPSESSID=28d3ddaf02357d5db434befbb2bd1959',
)
[ info ] [ PARAM ] array (
)
[ info ] [ LOG ] INIT File
---------------------------------------------------------------
[ 2018-09-04T10:13:14+08:00 ] ::1 ::1 GET /uploads/news/20180823/14cf8b568ca91d5407360bdfe26046f8.jpg
[ info ] newlc.lc/uploads/news/20180823/14cf8b568ca91d5407360bdfe26046f8.jpg [运行时间：0.043939s][吞吐率：22.76req/s] [内存消耗：2,369.81kb] [文件加载：39]
[ info ] [ LANG ] /Users/modou/Works/web/newlc/thinkphp/lang/zh-cn.php
[ info ] [ ROUTE ] array (
  'type' => 'module',
  'module' => 
  array (
    0 => 'uploads',
    1 => 'news',
    2 => '20180823',
  ),
)
[ info ] [ HEADER ] array (
  'host' => 'newlc.lc',
  'connection' => 'keep-alive',
  'user-agent' => 'Mozilla/5.0 (Macintosh; Intel Mac OS X 10_11_6) AppleWebKit/537.36 (KHTML, like Gecko) Chrome/68.0.3440.106 Safari/537.36',
  'accept' => 'image/webp,image/apng,image/*,*/*;q=0.8',
  'referer' => 'http://newlc.lc/backend/news/index.html',
  'accept-encoding' => 'gzip, deflate',
  'accept-language' => 'zh-CN,zh;q=0.9,en;q=0.8',
  'cookie' => 'PHPSESSID=28d3ddaf02357d5db434befbb2bd1959',
)
[ info ] [ PARAM ] array (
)
[ info ] [ LOG ] INIT File
---------------------------------------------------------------
[ 2018-09-04T10:15:02+08:00 ] ::1 ::1 GET /backend/customer/cateindex.html
[ info ] newlc.lc/backend/customer/cateindex.html [运行时间：0.154893s][吞吐率：6.46req/s] [内存消耗：5,472.23kb] [文件加载：68]
[ info ] [ LANG ] /Users/modou/Works/web/newlc/thinkphp/lang/zh-cn.php
[ info ] [ ROUTE ] array (
  'type' => 'module',
  'module' => 
  array (
    0 => 'backend',
    1 => 'customer',
    2 => 'cateindex',
  ),
)
[ info ] [ HEADER ] array (
  'host' => 'newlc.lc',
  'connection' => 'keep-alive',
  'upgrade-insecure-requests' => '1',
  'user-agent' => 'Mozilla/5.0 (Macintosh; Intel Mac OS X 10_11_6) AppleWebKit/537.36 (KHTML, like Gecko) Chrome/68.0.3440.106 Safari/537.36',
  'accept' => 'text/html,application/xhtml+xml,application/xml;q=0.9,image/webp,image/apng,*/*;q=0.8',
  'referer' => 'http://newlc.lc/backend/index/index',
  'accept-encoding' => 'gzip, deflate',
  'accept-language' => 'zh-CN,zh;q=0.9,en;q=0.8',
  'cookie' => 'PHPSESSID=28d3ddaf02357d5db434befbb2bd1959',
)
[ info ] [ PARAM ] array (
)
[ info ] [ LANG ] /Users/modou/Works/web/newlc/public/../application/backend/lang/zh-cn.php
[ info ] [ SESSION ] INIT array (
  'id' => '',
  'var_session_id' => '',
  'prefix' => 'think',
  'type' => '',
  'auto_start' => true,
  'expire' => '86400',
)
[ info ] [ CACHE ] INIT File
[ info ] [ DB ] INIT mysql
[ info ] [ RUN ] app\backend\controller\Customer->cateIndex[ /Users/modou/Works/web/newlc/application/backend/controller/Customer.php ]
[ info ] [ VIEW ] /Users/modou/Works/web/newlc/public/../application/backend/view/customer/cateindex.html [ array (
  0 => 'config',
  1 => 'data',
) ]
[ info ] [ LOG ] INIT File
[ sql ] [ DB ] CONNECT:[ UseTime:0.000566s ] mysql:host=localhost;port=3306;dbname=new;charset=utf8
[ sql ] [ SQL ] SHOW COLUMNS FROM `n_auth_rule` [ RunTime:0.004701s ]
[ sql ] [ SQL ] SELECT * FROM `n_auth_rule` WHERE  `name` = 'backend/Customer/cateindex' LIMIT 1 [ RunTime:0.000434s ]
[ sql ] [ SQL ] SHOW COLUMNS FROM `n_customer_cate` [ RunTime:0.005417s ]
[ sql ] [ SQL ] SELECT COUNT(*) AS tp_count FROM `n_customer_cate` WHERE  (  1=1 ) LIMIT 1 [ RunTime:0.000353s ]
[ sql ] [ SQL ] SELECT * FROM `n_customer_cate` WHERE  (  1=1 ) ORDER BY status desc,ord desc,id desc LIMIT 0,15 [ RunTime:0.000449s ]
[ sql ] [ SQL ] SHOW COLUMNS FROM `n_auth_group` [ RunTime:0.003792s ]
[ sql ] [ SQL ] SELECT `group_name`,`rules` FROM `n_auth_group` WHERE  `id` = 1 LIMIT 1 [ RunTime:0.000447s ]
[ sql ] [ SQL ] SHOW COLUMNS FROM `n_admin_user` [ RunTime:0.004227s ]
[ sql ] [ SQL ] SELECT `real_name` FROM `n_admin_user` WHERE  `id` = 1 LIMIT 1 [ RunTime:0.000365s ]
[ sql ] [ SQL ] SELECT `group_name`,`rules` FROM `n_auth_group` WHERE  `id` = 1 LIMIT 1 [ RunTime:0.000356s ]
[ sql ] [ SQL ] SELECT `real_name` FROM `n_admin_user` WHERE  `id` = 1 LIMIT 1 [ RunTime:0.000344s ]
[ sql ] [ SQL ] SELECT `group_name`,`rules` FROM `n_auth_group` WHERE  `id` = 1 LIMIT 1 [ RunTime:0.000750s ]
[ sql ] [ SQL ] SELECT `real_name` FROM `n_admin_user` WHERE  `id` = 1 LIMIT 1 [ RunTime:0.000635s ]
[ sql ] [ SQL ] SELECT `group_name`,`rules` FROM `n_auth_group` WHERE  `id` = 1 LIMIT 1 [ RunTime:0.000384s ]
[ sql ] [ SQL ] SELECT `real_name` FROM `n_admin_user` WHERE  `id` = 1 LIMIT 1 [ RunTime:0.000335s ]
[ sql ] [ SQL ] SELECT `group_name`,`rules` FROM `n_auth_group` WHERE  `id` = 1 LIMIT 1 [ RunTime:0.000411s ]
[ sql ] [ SQL ] SELECT `real_name` FROM `n_admin_user` WHERE  `id` = 1 LIMIT 1 [ RunTime:0.000359s ]
[ sql ] [ SQL ] SELECT `group_name`,`rules` FROM `n_auth_group` WHERE  `id` = 1 LIMIT 1 [ RunTime:0.000298s ]
[ sql ] [ SQL ] SELECT `real_name` FROM `n_admin_user` WHERE  `id` = 1 LIMIT 1 [ RunTime:0.000535s ]
---------------------------------------------------------------
[ 2018-09-04T10:15:03+08:00 ] ::1 ::1 GET /backend/customer/fromindex.html
[ info ] newlc.lc/backend/customer/fromindex.html [运行时间：0.159031s][吞吐率：6.29req/s] [内存消耗：5,518.73kb] [文件加载：68]
[ info ] [ LANG ] /Users/modou/Works/web/newlc/thinkphp/lang/zh-cn.php
[ info ] [ ROUTE ] array (
  'type' => 'module',
  'module' => 
  array (
    0 => 'backend',
    1 => 'customer',
    2 => 'fromindex',
  ),
)
[ info ] [ HEADER ] array (
  'host' => 'newlc.lc',
  'connection' => 'keep-alive',
  'upgrade-insecure-requests' => '1',
  'user-agent' => 'Mozilla/5.0 (Macintosh; Intel Mac OS X 10_11_6) AppleWebKit/537.36 (KHTML, like Gecko) Chrome/68.0.3440.106 Safari/537.36',
  'accept' => 'text/html,application/xhtml+xml,application/xml;q=0.9,image/webp,image/apng,*/*;q=0.8',
  'referer' => 'http://newlc.lc/backend/index/index',
  'accept-encoding' => 'gzip, deflate',
  'accept-language' => 'zh-CN,zh;q=0.9,en;q=0.8',
  'cookie' => 'PHPSESSID=28d3ddaf02357d5db434befbb2bd1959',
)
[ info ] [ PARAM ] array (
)
[ info ] [ LANG ] /Users/modou/Works/web/newlc/public/../application/backend/lang/zh-cn.php
[ info ] [ SESSION ] INIT array (
  'id' => '',
  'var_session_id' => '',
  'prefix' => 'think',
  'type' => '',
  'auto_start' => true,
  'expire' => '86400',
)
[ info ] [ CACHE ] INIT File
[ info ] [ DB ] INIT mysql
[ info ] [ RUN ] app\backend\controller\Customer->fromIndex[ /Users/modou/Works/web/newlc/application/backend/controller/Customer.php ]
[ info ] [ VIEW ] /Users/modou/Works/web/newlc/public/../application/backend/view/customer/fromindex.html [ array (
  0 => 'config',
  1 => 'data',
) ]
[ info ] [ LOG ] INIT File
[ sql ] [ DB ] CONNECT:[ UseTime:0.000429s ] mysql:host=localhost;port=3306;dbname=new;charset=utf8
[ sql ] [ SQL ] SHOW COLUMNS FROM `n_auth_rule` [ RunTime:0.004089s ]
[ sql ] [ SQL ] SELECT * FROM `n_auth_rule` WHERE  `name` = 'backend/Customer/fromindex' LIMIT 1 [ RunTime:0.000489s ]
[ sql ] [ SQL ] SHOW COLUMNS FROM `n_customer_from` [ RunTime:0.003593s ]
[ sql ] [ SQL ] SELECT COUNT(*) AS tp_count FROM `n_customer_from` WHERE  (  1=1 ) LIMIT 1 [ RunTime:0.000274s ]
[ sql ] [ SQL ] SELECT * FROM `n_customer_from` WHERE  (  1=1 ) ORDER BY status desc,ord desc,id desc LIMIT 0,15 [ RunTime:0.000502s ]
[ sql ] [ SQL ] SHOW COLUMNS FROM `n_auth_group` [ RunTime:0.004198s ]
[ sql ] [ SQL ] SELECT `group_name`,`rules` FROM `n_auth_group` WHERE  `id` = 1 LIMIT 1 [ RunTime:0.000409s ]
[ sql ] [ SQL ] SHOW COLUMNS FROM `n_admin_user` [ RunTime:0.004962s ]
[ sql ] [ SQL ] SELECT `real_name` FROM `n_admin_user` WHERE  `id` = 1 LIMIT 1 [ RunTime:0.000390s ]
[ sql ] [ SQL ] SELECT `group_name`,`rules` FROM `n_auth_group` WHERE  `id` = 1 LIMIT 1 [ RunTime:0.000836s ]
[ sql ] [ SQL ] SELECT `real_name` FROM `n_admin_user` WHERE  `id` = 1 LIMIT 1 [ RunTime:0.000473s ]
[ sql ] [ SQL ] SELECT `group_name`,`rules` FROM `n_auth_group` WHERE  `id` = 1 LIMIT 1 [ RunTime:0.000368s ]
[ sql ] [ SQL ] SELECT `real_name` FROM `n_admin_user` WHERE  `id` = 1 LIMIT 1 [ RunTime:0.000375s ]
[ sql ] [ SQL ] SELECT `group_name`,`rules` FROM `n_auth_group` WHERE  `id` = 1 LIMIT 1 [ RunTime:0.000390s ]
[ sql ] [ SQL ] SELECT `real_name` FROM `n_admin_user` WHERE  `id` = 1 LIMIT 1 [ RunTime:0.000354s ]
[ sql ] [ SQL ] SELECT `group_name`,`rules` FROM `n_auth_group` WHERE  `id` = 1 LIMIT 1 [ RunTime:0.000305s ]
[ sql ] [ SQL ] SELECT `real_name` FROM `n_admin_user` WHERE  `id` = 1 LIMIT 1 [ RunTime:0.000698s ]
[ sql ] [ SQL ] SELECT `group_name`,`rules` FROM `n_auth_group` WHERE  `id` = 1 LIMIT 1 [ RunTime:0.000443s ]
[ sql ] [ SQL ] SELECT `real_name` FROM `n_admin_user` WHERE  `id` = 1 LIMIT 1 [ RunTime:0.000415s ]
[ sql ] [ SQL ] SELECT `group_name`,`rules` FROM `n_auth_group` WHERE  `id` = 1 LIMIT 1 [ RunTime:0.000376s ]
[ sql ] [ SQL ] SELECT `real_name` FROM `n_admin_user` WHERE  `id` = 1 LIMIT 1 [ RunTime:0.000405s ]
[ sql ] [ SQL ] SELECT `group_name`,`rules` FROM `n_auth_group` WHERE  `id` = 1 LIMIT 1 [ RunTime:0.000363s ]
[ sql ] [ SQL ] SELECT `real_name` FROM `n_admin_user` WHERE  `id` = 1 LIMIT 1 [ RunTime:0.000355s ]
[ sql ] [ SQL ] SELECT `group_name`,`rules` FROM `n_auth_group` WHERE  `id` = 1 LIMIT 1 [ RunTime:0.000448s ]
[ sql ] [ SQL ] SELECT `real_name` FROM `n_admin_user` WHERE  `id` = 1 LIMIT 1 [ RunTime:0.000414s ]
[ sql ] [ SQL ] SELECT `group_name`,`rules` FROM `n_auth_group` WHERE  `id` = 1 LIMIT 1 [ RunTime:0.000397s ]
[ sql ] [ SQL ] SELECT `real_name` FROM `n_admin_user` WHERE  `id` = 1 LIMIT 1 [ RunTime:0.000361s ]
---------------------------------------------------------------
[ 2018-09-04T10:19:48+08:00 ] ::1 ::1 GET /backend/customer/fromadd.html?id=5
[ info ] newlc.lc/backend/customer/fromadd.html?id=5 [运行时间：0.125335s][吞吐率：7.98req/s] [内存消耗：5,153.85kb] [文件加载：62]
[ info ] [ LANG ] /Users/modou/Works/web/newlc/thinkphp/lang/zh-cn.php
[ info ] [ ROUTE ] array (
  'type' => 'module',
  'module' => 
  array (
    0 => 'backend',
    1 => 'customer',
    2 => 'fromadd',
  ),
)
[ info ] [ HEADER ] array (
  'host' => 'newlc.lc',
  'connection' => 'keep-alive',
  'upgrade-insecure-requests' => '1',
  'user-agent' => 'Mozilla/5.0 (Macintosh; Intel Mac OS X 10_11_6) AppleWebKit/537.36 (KHTML, like Gecko) Chrome/68.0.3440.106 Safari/537.36',
  'accept' => 'text/html,application/xhtml+xml,application/xml;q=0.9,image/webp,image/apng,*/*;q=0.8',
  'referer' => 'http://newlc.lc/backend/customer/fromindex.html',
  'accept-encoding' => 'gzip, deflate',
  'accept-language' => 'zh-CN,zh;q=0.9,en;q=0.8',
  'cookie' => 'PHPSESSID=28d3ddaf02357d5db434befbb2bd1959',
)
[ info ] [ PARAM ] array (
  'id' => '5',
)
[ info ] [ LANG ] /Users/modou/Works/web/newlc/public/../application/backend/lang/zh-cn.php
[ info ] [ SESSION ] INIT array (
  'id' => '',
  'var_session_id' => '',
  'prefix' => 'think',
  'type' => '',
  'auto_start' => true,
  'expire' => '86400',
)
[ info ] [ CACHE ] INIT File
[ info ] [ DB ] INIT mysql
[ info ] [ RUN ] app\backend\controller\Customer->fromAdd[ /Users/modou/Works/web/newlc/application/backend/controller/Customer.php ]
[ info ] [ VIEW ] /Users/modou/Works/web/newlc/public/../application/backend/view/customer/fromadd.html [ array (
  0 => 'config',
  1 => 'data',
) ]
[ info ] [ LOG ] INIT File
[ sql ] [ DB ] CONNECT:[ UseTime:0.000432s ] mysql:host=localhost;port=3306;dbname=new;charset=utf8
[ sql ] [ SQL ] SHOW COLUMNS FROM `n_auth_rule` [ RunTime:0.005507s ]
[ sql ] [ SQL ] SELECT * FROM `n_auth_rule` WHERE  `name` = 'backend/Customer/fromadd' LIMIT 1 [ RunTime:0.000907s ]
[ sql ] [ SQL ] SHOW COLUMNS FROM `n_customer_from` [ RunTime:0.004912s ]
[ sql ] [ SQL ] SELECT * FROM `n_customer_from` WHERE  `id` = 5 LIMIT 1 [ RunTime:0.000579s ]
---------------------------------------------------------------
[ 2018-09-04T10:19:53+08:00 ] ::1 ::1 GET /backend/customer/fromadd.html?id=9
[ info ] newlc.lc/backend/customer/fromadd.html?id=9 [运行时间：0.099951s][吞吐率：10.00req/s] [内存消耗：4,926.60kb] [文件加载：60]
[ info ] [ LANG ] /Users/modou/Works/web/newlc/thinkphp/lang/zh-cn.php
[ info ] [ ROUTE ] array (
  'type' => 'module',
  'module' => 
  array (
    0 => 'backend',
    1 => 'customer',
    2 => 'fromadd',
  ),
)
[ info ] [ HEADER ] array (
  'host' => 'newlc.lc',
  'connection' => 'keep-alive',
  'upgrade-insecure-requests' => '1',
  'user-agent' => 'Mozilla/5.0 (Macintosh; Intel Mac OS X 10_11_6) AppleWebKit/537.36 (KHTML, like Gecko) Chrome/68.0.3440.106 Safari/537.36',
  'accept' => 'text/html,application/xhtml+xml,application/xml;q=0.9,image/webp,image/apng,*/*;q=0.8',
  'referer' => 'http://newlc.lc/backend/customer/fromindex.html',
  'accept-encoding' => 'gzip, deflate',
  'accept-language' => 'zh-CN,zh;q=0.9,en;q=0.8',
  'cookie' => 'PHPSESSID=28d3ddaf02357d5db434befbb2bd1959',
)
[ info ] [ PARAM ] array (
  'id' => '9',
)
[ info ] [ LANG ] /Users/modou/Works/web/newlc/public/../application/backend/lang/zh-cn.php
[ info ] [ SESSION ] INIT array (
  'id' => '',
  'var_session_id' => '',
  'prefix' => 'think',
  'type' => '',
  'auto_start' => true,
  'expire' => '86400',
)
[ info ] [ CACHE ] INIT File
[ info ] [ DB ] INIT mysql
[ info ] [ RUN ] app\backend\controller\Customer->fromAdd[ /Users/modou/Works/web/newlc/application/backend/controller/Customer.php ]
[ info ] [ VIEW ] /Users/modou/Works/web/newlc/public/../application/backend/view/customer/fromadd.html [ array (
  0 => 'config',
  1 => 'data',
) ]
[ info ] [ LOG ] INIT File
[ sql ] [ DB ] CONNECT:[ UseTime:0.000624s ] mysql:host=localhost;port=3306;dbname=new;charset=utf8
[ sql ] [ SQL ] SHOW COLUMNS FROM `n_auth_rule` [ RunTime:0.005383s ]
[ sql ] [ SQL ] SELECT * FROM `n_auth_rule` WHERE  `name` = 'backend/Customer/fromadd' LIMIT 1 [ RunTime:0.000458s ]
[ sql ] [ SQL ] SHOW COLUMNS FROM `n_customer_from` [ RunTime:0.004695s ]
[ sql ] [ SQL ] SELECT * FROM `n_customer_from` WHERE  `id` = 9 LIMIT 1 [ RunTime:0.000438s ]
---------------------------------------------------------------
[ 2018-09-04T10:20:02+08:00 ] ::1 ::1 GET /backend/news/add.html
[ info ] newlc.lc/backend/news/add.html [运行时间：0.120612s][吞吐率：8.29req/s] [内存消耗：5,156.91kb] [文件加载：62]
[ info ] [ LANG ] /Users/modou/Works/web/newlc/thinkphp/lang/zh-cn.php
[ info ] [ ROUTE ] array (
  'type' => 'module',
  'module' => 
  array (
    0 => 'backend',
    1 => 'news',
    2 => 'add',
  ),
)
[ info ] [ HEADER ] array (
  'host' => 'newlc.lc',
  'connection' => 'keep-alive',
  'upgrade-insecure-requests' => '1',
  'user-agent' => 'Mozilla/5.0 (Macintosh; Intel Mac OS X 10_11_6) AppleWebKit/537.36 (KHTML, like Gecko) Chrome/68.0.3440.106 Safari/537.36',
  'accept' => 'text/html,application/xhtml+xml,application/xml;q=0.9,image/webp,image/apng,*/*;q=0.8',
  'referer' => 'http://newlc.lc/backend/news/index.html',
  'accept-encoding' => 'gzip, deflate',
  'accept-language' => 'zh-CN,zh;q=0.9,en;q=0.8',
  'cookie' => 'PHPSESSID=28d3ddaf02357d5db434befbb2bd1959',
)
[ info ] [ PARAM ] array (
)
[ info ] [ LANG ] /Users/modou/Works/web/newlc/public/../application/backend/lang/zh-cn.php
[ info ] [ SESSION ] INIT array (
  'id' => '',
  'var_session_id' => '',
  'prefix' => 'think',
  'type' => '',
  'auto_start' => true,
  'expire' => '86400',
)
[ info ] [ CACHE ] INIT File
[ info ] [ DB ] INIT mysql
[ info ] [ RUN ] app\backend\controller\News->add[ /Users/modou/Works/web/newlc/application/backend/controller/News.php ]
[ info ] [ VIEW ] /Users/modou/Works/web/newlc/public/../application/backend/view/news/add.html [ array (
  0 => 'config',
  1 => 'data',
) ]
[ info ] [ LOG ] INIT File
[ sql ] [ DB ] CONNECT:[ UseTime:0.000855s ] mysql:host=localhost;port=3306;dbname=new;charset=utf8
[ sql ] [ SQL ] SHOW COLUMNS FROM `n_auth_rule` [ RunTime:0.004320s ]
[ sql ] [ SQL ] SELECT * FROM `n_auth_rule` WHERE  `name` = 'backend/News/add' LIMIT 1 [ RunTime:0.000783s ]
[ sql ] [ SQL ] SHOW COLUMNS FROM `n_news_cate` [ RunTime:0.003693s ]
[ sql ] [ SQL ] SELECT * FROM `n_news_cate` WHERE  `status` = 1 ORDER BY status desc,ord desc,id desc [ RunTime:0.000794s ]
